[ 2016-04-23T00:19:51+08:00 ] ::1 /SZTZ2.0/index.php
INFO: [ app_init ] --START--
INFO: Run Behavior\BuildLiteBehavior [ RunTime:0.000007s ]
INFO: [ app_init ] --END-- [ RunTime:0.000207s ]
INFO: [ app_begin ] --START--
INFO: Run Behavior\ReadHtmlCacheBehavior [ RunTime:0.000259s ]
INFO: [ app_begin ] --END-- [ RunTime:0.000288s ]

[ 2016-04-23T00:20:49+08:00 ] ::1 /SZTZ2.0/Login/index
INFO: [ app_init ] --START--
INFO: Run Behavior\BuildLiteBehavior [ RunTime:0.000035s ]
INFO: [ app_init ] --END-- [ RunTime:0.000387s ]
INFO: [ app_begin ] --START--
INFO: Run Behavior\ReadHtmlCacheBehavior [ RunTime:0.000546s ]
INFO: [ app_begin ] --END-- [ RunTime:0.000584s ]
INFO: [ view_parse ] --START--
INFO: [ template_filter ] --START--
INFO: Run Behavior\ContentReplaceBehavior [ RunTime:0.000037s ]
INFO: [ template_filter ] --END-- [ RunTime:0.000068s ]
NOTIC: [8] Undefined variable: userName /Users/jeff/1.code/SZTZ2.0/Application/Runtime/Cache/Main/b2feb03302a1c6bb0b063de1c8dac460.php 第 33 行.
NOTIC: [8] Undefined variable: userNameError /Users/jeff/1.code/SZTZ2.0/Application/Runtime/Cache/Main/b2feb03302a1c6bb0b063de1c8dac460.php 第 34 行.
NOTIC: [8] Undefined variable: password /Users/jeff/1.code/SZTZ2.0/Application/Runtime/Cache/Main/b2feb03302a1c6bb0b063de1c8dac460.php 第 38 行.
NOTIC: [8] Undefined variable: passwordError /Users/jeff/1.code/SZTZ2.0/Application/Runtime/Cache/Main/b2feb03302a1c6bb0b063de1c8dac460.php 第 39 行.
NOTIC: [8] Undefined variable: codeError /Users/jeff/1.code/SZTZ2.0/Application/Runtime/Cache/Main/b2feb03302a1c6bb0b063de1c8dac460.php 第 43 行.
INFO: Run Behavior\ParseTemplateBehavior [ RunTime:0.003595s ]
INFO: [ view_parse ] --END-- [ RunTime:0.003626s ]
INFO: [ view_filter ] --START--
INFO: Run Behavior\WriteHtmlCacheBehavior [ RunTime:0.000092s ]
INFO: [ view_filter ] --END-- [ RunTime:0.000112s ]
INFO: [ app_end ] --START--
INFO: Run Behavior\ShowPageTraceBehavior [ RunTime:0.000265s ]
INFO: [ app_end ] --END-- [ RunTime:0.000288s ]

[ 2016-04-23T00:20:49+08:00 ] ::1 /SZTZ2.0/Login/getCode
INFO: [ app_init ] --START--
INFO: Run Behavior\BuildLiteBehavior [ RunTime:0.000015s ]
INFO: [ app_init ] --END-- [ RunTime:0.000308s ]
INFO: [ app_begin ] --START--
INFO: Run Behavior\ReadHtmlCacheBehavior [ RunTime:0.000496s ]
INFO: [ app_begin ] --END-- [ RunTime:0.000556s ]
INFO: [ app_end ] --START--
INFO: Run Behavior\ShowPageTraceBehavior [ RunTime:0.000652s ]
INFO: [ app_end ] --END-- [ RunTime:0.000752s ]

[ 2016-04-23T00:26:14+08:00 ] ::1 /SZTZ2.0/Login/index
INFO: [ app_init ] --START--
INFO: Run Behavior\BuildLiteBehavior [ RunTime:0.000008s ]
INFO: [ app_init ] --END-- [ RunTime:0.000169s ]
INFO: [ app_begin ] --START--
INFO: Run Behavior\ReadHtmlCacheBehavior [ RunTime:0.000207s ]
INFO: [ app_begin ] --END-- [ RunTime:0.000234s ]
SQL: SHOW COLUMNS FROM `t_user` [ RunTime:0.0004s ]
SQL: SELECT * FROM `t_user` WHERE `id` = 1000 AND `type` = 'student' LIMIT 1   [ RunTime:0.0002s ]
INFO: [ view_parse ] --START--
INFO: [ template_filter ] --START--
INFO: Run Behavior\ContentReplaceBehavior [ RunTime:0.000027s ]
INFO: [ template_filter ] --END-- [ RunTime:0.000054s ]
NOTIC: [8] Undefined variable: password /Users/jeff/1.code/SZTZ2.0/Application/Runtime/Cache/Main/b2feb03302a1c6bb0b063de1c8dac460.php 第 38 行.
NOTIC: [8] Undefined variable: passwordError /Users/jeff/1.code/SZTZ2.0/Application/Runtime/Cache/Main/b2feb03302a1c6bb0b063de1c8dac460.php 第 39 行.
NOTIC: [8] Undefined variable: codeError /Users/jeff/1.code/SZTZ2.0/Application/Runtime/Cache/Main/b2feb03302a1c6bb0b063de1c8dac460.php 第 43 行.
INFO: Run Behavior\ParseTemplateBehavior [ RunTime:0.003369s ]
INFO: [ view_parse ] --END-- [ RunTime:0.003394s ]
INFO: [ view_filter ] --START--
INFO: Run Behavior\WriteHtmlCacheBehavior [ RunTime:0.000080s ]
INFO: [ view_filter ] --END-- [ RunTime:0.000099s ]
INFO: [ app_end ] --START--
INFO: Run Behavior\ShowPageTraceBehavior [ RunTime:0.000236s ]
INFO: [ app_end ] --END-- [ RunTime:0.000258s ]

[ 2016-04-23T00:26:14+08:00 ] ::1 /SZTZ2.0/Login/getCode
INFO: [ app_init ] --START--
INFO: Run Behavior\BuildLiteBehavior [ RunTime:0.000014s ]
INFO: [ app_init ] --END-- [ RunTime:0.000313s ]
INFO: [ app_begin ] --START--
INFO: Run Behavior\ReadHtmlCacheBehavior [ RunTime:0.000419s ]
INFO: [ app_begin ] --END-- [ RunTime:0.000475s ]
INFO: [ app_end ] --START--
INFO: Run Behavior\ShowPageTraceBehavior [ RunTime:0.000479s ]
INFO: [ app_end ] --END-- [ RunTime:0.000548s ]

[ 2016-04-23T00:26:22+08:00 ] ::1 /SZTZ2.0/Login/index
INFO: [ app_init ] --START--
INFO: Run Behavior\BuildLiteBehavior [ RunTime:0.000007s ]
INFO: [ app_init ] --END-- [ RunTime:0.000190s ]
INFO: [ app_begin ] --START--
INFO: Run Behavior\ReadHtmlCacheBehavior [ RunTime:0.000218s ]
INFO: [ app_begin ] --END-- [ RunTime:0.000245s ]
SQL: SHOW COLUMNS FROM `t_user` [ RunTime:0.0005s ]
SQL: SELECT * FROM `t_user` WHERE `id` = 1000 AND `type` = 'teacher' LIMIT 1   [ RunTime:0.0003s ]
INFO: [ view_parse ] --START--
INFO: [ template_filter ] --START--
INFO: Run Behavior\ContentReplaceBehavior [ RunTime:0.000030s ]
INFO: [ template_filter ] --END-- [ RunTime:0.000063s ]
NOTIC: [8] Undefined variable: password /Users/jeff/1.code/SZTZ2.0/Application/Runtime/Cache/Main/b2feb03302a1c6bb0b063de1c8dac460.php 第 38 行.
NOTIC: [8] Undefined variable: passwordError /Users/jeff/1.code/SZTZ2.0/Application/Runtime/Cache/Main/b2feb03302a1c6bb0b063de1c8dac460.php 第 39 行.
NOTIC: [8] Undefined variable: codeError /Users/jeff/1.code/SZTZ2.0/Application/Runtime/Cache/Main/b2feb03302a1c6bb0b063de1c8dac460.php 第 43 行.
INFO: Run Behavior\ParseTemplateBehavior [ RunTime:0.003997s ]
INFO: [ view_parse ] --END-- [ RunTime:0.004025s ]
INFO: [ view_filter ] --START--
INFO: Run Behavior\WriteHtmlCacheBehavior [ RunTime:0.000092s ]
INFO: [ view_filter ] --END-- [ RunTime:0.000113s ]
INFO: [ app_end ] --START--
INFO: Run Behavior\ShowPageTraceBehavior [ RunTime:0.000246s ]
INFO: [ app_end ] --END-- [ RunTime:0.000270s ]

[ 2016-04-23T00:26:23+08:00 ] ::1 /SZTZ2.0/Login/getCode
INFO: [ app_init ] --START--
INFO: Run Behavior\BuildLiteBehavior [ RunTime:0.000010s ]
INFO: [ app_init ] --END-- [ RunTime:0.000207s ]
INFO: [ app_begin ] --START--
INFO: Run Behavior\ReadHtmlCacheBehavior [ RunTime:0.000247s ]
INFO: [ app_begin ] --END-- [ RunTime:0.000278s ]
INFO: [ app_end ] --START--
INFO: Run Behavior\ShowPageTraceBehavior [ RunTime:0.000388s ]
INFO: [ app_end ] --END-- [ RunTime:0.000452s ]

[ 2016-04-23T00:26:43+08:00 ] ::1 /SZTZ2.0/Login/index
INFO: [ app_init ] --START--
INFO: Run Behavior\BuildLiteBehavior [ RunTime:0.000008s ]
INFO: [ app_init ] --END-- [ RunTime:0.000196s ]
INFO: [ app_begin ] --START--
INFO: Run Behavior\ReadHtmlCacheBehavior [ RunTime:0.000216s ]
INFO: [ app_begin ] --END-- [ RunTime:0.000243s ]
SQL: SHOW COLUMNS FROM `t_user` [ RunTime:0.0004s ]
SQL: SELECT * FROM `t_user` WHERE `id` = 100 AND `type` = 'student' LIMIT 1   [ RunTime:0.0002s ]
INFO: [ view_parse ] --START--
INFO: [ template_filter ] --START--
INFO: Run Behavior\ContentReplaceBehavior [ RunTime:0.000028s ]
INFO: [ template_filter ] --END-- [ RunTime:0.000055s ]
NOTIC: [8] Undefined variable: password /Users/jeff/1.code/SZTZ2.0/Application/Runtime/Cache/Main/b2feb03302a1c6bb0b063de1c8dac460.php 第 38 行.
NOTIC: [8] Undefined variable: passwordError /Users/jeff/1.code/SZTZ2.0/Application/Runtime/Cache/Main/b2feb03302a1c6bb0b063de1c8dac460.php 第 39 行.
NOTIC: [8] Undefined variable: codeError /Users/jeff/1.code/SZTZ2.0/Application/Runtime/Cache/Main/b2feb03302a1c6bb0b063de1c8dac460.php 第 43 行.
INFO: Run Behavior\ParseTemplateBehavior [ RunTime:0.003309s ]
INFO: [ view_parse ] --END-- [ RunTime:0.003334s ]
INFO: [ view_filter ] --START--
INFO: Run Behavior\WriteHtmlCacheBehavior [ RunTime:0.000082s ]
INFO: [ view_filter ] --END-- [ RunTime:0.000101s ]
INFO: [ app_end ] --START--
INFO: Run Behavior\ShowPageTraceBehavior [ RunTime:0.000231s ]
INFO: [ app_end ] --END-- [ RunTime:0.000253s ]

[ 2016-04-23T00:26:43+08:00 ] ::1 /SZTZ2.0/Login/getCode
INFO: [ app_init ] --START--
INFO: Run Behavior\BuildLiteBehavior [ RunTime:0.000021s ]
INFO: [ app_init ] --END-- [ RunTime:0.000410s ]
INFO: [ app_begin ] --START--
INFO: Run Behavior\ReadHtmlCacheBehavior [ RunTime:0.000454s ]
INFO: [ app_begin ] --END-- [ RunTime:0.000514s ]
INFO: [ app_end ] --START--
INFO: Run Behavior\ShowPageTraceBehavior [ RunTime:0.000528s ]
INFO: [ app_end ] --END-- [ RunTime:0.000610s ]

[ 2016-04-23T00:27:02+08:00 ] ::1 /SZTZ2.0/Login/index
INFO: [ app_init ] --START--
INFO: Run Behavior\BuildLiteBehavior [ RunTime:0.000007s ]
INFO: [ app_init ] --END-- [ RunTime:0.000170s ]
INFO: [ app_begin ] --START--
INFO: Run Behavior\ReadHtmlCacheBehavior [ RunTime:0.000210s ]
INFO: [ app_begin ] --END-- [ RunTime:0.000237s ]
SQL: SHOW COLUMNS FROM `t_user` [ RunTime:0.0004s ]
SQL: SELECT * FROM `t_user` WHERE `id` = 10000 AND `type` = 'student' LIMIT 1   [ RunTime:0.0002s ]
SQL: SHOW COLUMNS FROM `t_student_teacher` [ RunTime:0.0003s ]
SQL: SELECT t_student.user_id AS `id`,t_student.name AS `name`,t_student.clazz AS `clazz`,t_student.grade AS `grade`,t_student.profession AS `profession`,t_student.mobile AS `mobile`,t_student.required_point AS `required_point`,t_teacher.user_id AS `teacher_id`,t_teacher.name AS `teacher_name`,t_teacher.mobile AS `teacher_mobile` FROM `t_student_teacher` INNER JOIN t_student on t_student_teacher.student_id = t_student.user_id INNER JOIN t_teacher on t_student_teacher.teacher_id = t_teacher.user_id  WHERE ( t_student.user_id = 10000 ) LIMIT 1   [ RunTime:0.0004s ]
SQL: SHOW COLUMNS FROM `t_user_control` [ RunTime:0.0004s ]
SQL: INSERT INTO `t_user_control` (`user_id`,`name`,`user_ip`,`created_by`,`created_at`) VALUES ('10000','登录系统','127.0.0.1','韩永豪','2016-04-23 00:27:02') [ RunTime:0.0013s ]

[ 2016-04-23T00:27:02+08:00 ] ::1 /SZTZ2.0/Index/index
INFO: [ app_init ] --START--
INFO: Run Behavior\BuildLiteBehavior [ RunTime:0.000008s ]
INFO: [ app_init ] --END-- [ RunTime:0.000177s ]
INFO: [ app_begin ] --START--
INFO: Run Behavior\ReadHtmlCacheBehavior [ RunTime:0.000223s ]
INFO: [ app_begin ] --END-- [ RunTime:0.000250s ]

[ 2016-04-23T00:27:02+08:00 ] ::1 /SZTZ2.0/Student/index
INFO: [ app_init ] --START--
INFO: Run Behavior\BuildLiteBehavior [ RunTime:0.000007s ]
INFO: [ app_init ] --END-- [ RunTime:0.000179s ]
INFO: [ app_begin ] --START--
INFO: Run Behavior\ReadHtmlCacheBehavior [ RunTime:0.000221s ]
INFO: [ app_begin ] --END-- [ RunTime:0.000248s ]
SQL: SHOW COLUMNS FROM `t_type` [ RunTime:0.0004s ]
SQL: SELECT * FROM `t_type`  [ RunTime:0.0002s ]
SQL: SHOW COLUMNS FROM `t_student` [ RunTime:0.0004s ]
SQL: SELECT `feedback_count` FROM `t_student` WHERE ( user_id = 10000 ) LIMIT 1   [ RunTime:0.0002s ]
SQL: SHOW COLUMNS FROM `t_user_control` [ RunTime:0.0003s ]
SQL: SELECT * FROM `t_user_control` WHERE `user_id` = 10000 AND `name` = '登录系统' ORDER BY created_at desc LIMIT 1   [ RunTime:0.0003s ]
SQL: SHOW COLUMNS FROM `t_notice` [ RunTime:0.0003s ]
SQL: SELECT * FROM `t_notice` ORDER BY updated_at desc LIMIT 1   [ RunTime:0.0002s ]
SQL: SHOW COLUMNS FROM `t_type_grade_profession` [ RunTime:0.0003s ]
SQL: SELECT t_type_grade_profession.id AS `id`,t_type_grade_profession.type_id AS `type_id`,t_type.name AS `type`,t_type_grade_profession.max_point AS `max_point`,t_type_grade_profession.min_point AS `min_point`,t_type_grade_profession.property AS `property` FROM `t_type_grade_profession` INNER JOIN t_type on t_type.id = t_type_grade_profession.type_id  WHERE t_type_grade_profession.grade = '2012' AND t_type_grade_profession.profession = '信息管理与信息系统'  [ RunTime:0.0003s ]
SQL: SHOW COLUMNS FROM `t_record` [ RunTime:0.0003s ]
SQL: SELECT SUM(t_record.point) AS tp_sum FROM `t_record` INNER JOIN t_student_teacher on t_student_teacher.id = t_record.student_teacher_id  WHERE t_student_teacher.student_id = '10000' AND t_record.type_id = '1' AND t_record.status = '已通过' LIMIT 1   [ RunTime:0.0003s ]
SQL: SELECT SUM(t_record.point) AS tp_sum FROM `t_record` INNER JOIN t_student_teacher on t_student_teacher.id = t_record.student_teacher_id  WHERE t_student_teacher.student_id = '10000' AND t_record.type_id = '2' AND t_record.status = '已通过' LIMIT 1   [ RunTime:0.0003s ]
SQL: SELECT SUM(t_record.point) AS tp_sum FROM `t_record` INNER JOIN t_student_teacher on t_student_teacher.id = t_record.student_teacher_id  WHERE t_student_teacher.student_id = '10000' AND t_record.type_id = '3' AND t_record.status = '已通过' LIMIT 1   [ RunTime:0.0002s ]
SQL: SELECT SUM(t_record.point) AS tp_sum FROM `t_record` INNER JOIN t_student_teacher on t_student_teacher.id = t_record.student_teacher_id  WHERE t_student_teacher.student_id = '10000' AND t_record.type_id = '4' AND t_record.status = '已通过' LIMIT 1   [ RunTime:0.0002s ]
SQL: SELECT SUM(t_record.point) AS tp_sum FROM `t_record` INNER JOIN t_student_teacher on t_student_teacher.id = t_record.student_teacher_id  WHERE t_student_teacher.student_id = '10000' AND t_record.type_id = '5' AND t_record.status = '已通过' LIMIT 1   [ RunTime:0.0002s ]
SQL: SELECT SUM(t_record.point) AS tp_sum FROM `t_record` INNER JOIN t_student_teacher on t_student_teacher.id = t_record.student_teacher_id  WHERE t_student_teacher.student_id = '10000' AND t_record.type_id = '6' AND t_record.status = '已通过' LIMIT 1   [ RunTime:0.0002s ]
SQL: SELECT SUM(t_record.point) AS tp_sum FROM `t_record` INNER JOIN t_student_teacher on t_student_teacher.id = t_record.student_teacher_id  WHERE t_student_teacher.student_id = '10000' AND t_record.type_id = '7' AND t_record.status = '已通过' LIMIT 1   [ RunTime:0.0003s ]
SQL: SELECT SUM(t_record.point) AS tp_sum FROM `t_record` INNER JOIN t_student_teacher on t_student_teacher.id = t_record.student_teacher_id  WHERE t_student_teacher.student_id = '10000' AND t_record.type_id = '8' AND t_record.status = '已通过' LIMIT 1   [ RunTime:0.0002s ]
SQL: SELECT SUM(t_record.point) AS tp_sum FROM `t_record` INNER JOIN t_student_teacher on t_student_teacher.id = t_record.student_teacher_id  WHERE t_student_teacher.student_id = '10000' AND t_record.type_id = '9' AND t_record.status = '已通过' LIMIT 1   [ RunTime:0.0002s ]
SQL: SELECT SUM(t_record.point) AS tp_sum FROM `t_record` INNER JOIN t_student_teacher on t_student_teacher.id = t_record.student_teacher_id  WHERE t_student_teacher.student_id = '10000' AND t_record.type_id = '10' AND t_record.status = '已通过' LIMIT 1   [ RunTime:0.0002s ]
INFO: [ view_parse ] --START--
INFO: [ template_filter ] --START--
INFO: Run Behavior\ContentReplaceBehavior [ RunTime:0.000044s ]
INFO: [ template_filter ] --END-- [ RunTime:0.000081s ]
NOTIC: [8] Use of undefined constant url - assumed 'url' /Users/jeff/1.code/SZTZ2.0/Application/Runtime/Cache/Main/a03934d89ceb6bc97011ff5470ce62ec.php 第 45 行.
NOTIC: [8] Use of undefined constant url - assumed 'url' /Users/jeff/1.code/SZTZ2.0/Application/Runtime/Cache/Main/a03934d89ceb6bc97011ff5470ce62ec.php 第 45 行.
NOTIC: [8] Use of undefined constant url - assumed 'url' /Users/jeff/1.code/SZTZ2.0/Application/Runtime/Cache/Main/a03934d89ceb6bc97011ff5470ce62ec.php 第 45 行.
NOTIC: [8] Use of undefined constant url - assumed 'url' /Users/jeff/1.code/SZTZ2.0/Application/Runtime/Cache/Main/a03934d89ceb6bc97011ff5470ce62ec.php 第 45 行.
NOTIC: [8] Use of undefined constant url - assumed 'url' /Users/jeff/1.code/SZTZ2.0/Application/Runtime/Cache/Main/a03934d89ceb6bc97011ff5470ce62ec.php 第 45 行.
NOTIC: [8] Use of undefined constant url - assumed 'url' /Users/jeff/1.code/SZTZ2.0/Application/Runtime/Cache/Main/a03934d89ceb6bc97011ff5470ce62ec.php 第 45 行.
NOTIC: [8] Use of undefined constant url - assumed 'url' /Users/jeff/1.code/SZTZ2.0/Application/Runtime/Cache/Main/a03934d89ceb6bc97011ff5470ce62ec.php 第 45 行.
NOTIC: [8] Use of undefined constant url - assumed 'url' /Users/jeff/1.code/SZTZ2.0/Application/Runtime/Cache/Main/a03934d89ceb6bc97011ff5470ce62ec.php 第 45 行.
NOTIC: [8] Use of undefined constant url - assumed 'url' /Users/jeff/1.code/SZTZ2.0/Application/Runtime/Cache/Main/a03934d89ceb6bc97011ff5470ce62ec.php 第 45 行.
NOTIC: [8] Use of undefined constant url - assumed 'url' /Users/jeff/1.code/SZTZ2.0/Application/Runtime/Cache/Main/a03934d89ceb6bc97011ff5470ce62ec.php 第 45 行.
INFO: Run Behavior\ParseTemplateBehavior [ RunTime:0.008570s ]
INFO: [ view_parse ] --END-- [ RunTime:0.008600s ]
INFO: [ view_filter ] --START--
INFO: Run Behavior\WriteHtmlCacheBehavior [ RunTime:0.000095s ]
INFO: [ view_filter ] --END-- [ RunTime:0.000116s ]
INFO: [ app_end ] --START--
INFO: Run Behavior\ShowPageTraceBehavior [ RunTime:0.000303s ]
INFO: [ app_end ] --END-- [ RunTime:0.000331s ]

[ 2016-04-23T00:29:17+08:00 ] ::1 /SZTZ2.0/Student/subject/type/MQ%3D%3D
INFO: [ app_init ] --START--
INFO: Run Behavior\BuildLiteBehavior [ RunTime:0.000008s ]
INFO: [ app_init ] --END-- [ RunTime:0.000188s ]
INFO: [ app_begin ] --START--
INFO: Run Behavior\ReadHtmlCacheBehavior [ RunTime:0.000236s ]
INFO: [ app_begin ] --END-- [ RunTime:0.000263s ]
SQL: SHOW COLUMNS FROM `t_type` [ RunTime:0.0004s ]
SQL: SELECT * FROM `t_type`  [ RunTime:0.0002s ]
SQL: SHOW COLUMNS FROM `t_student` [ RunTime:0.0004s ]
SQL: SELECT `feedback_count` FROM `t_student` WHERE ( user_id = 10000 ) LIMIT 1   [ RunTime:0.0002s ]
SQL: SHOW COLUMNS FROM `t_type_grade_profession` [ RunTime:0.0004s ]
SQL: SELECT t_type_grade_profession.id AS `id`,t_type_grade_profession.type_id AS `type_id`,t_type.name AS `type`,t_type_grade_profession.max_point AS `max_point`,t_type_grade_profession.min_point AS `min_point`,t_type_grade_profession.property AS `property` FROM `t_type_grade_profession` INNER JOIN t_type on t_type.id = t_type_grade_profession.type_id  WHERE t_type_grade_profession.grade = '2012' AND t_type_grade_profession.profession = '信息管理与信息系统' AND t_type_grade_profession.type_id = '1'  [ RunTime:0.0003s ]
SQL: SHOW COLUMNS FROM `t_record` [ RunTime:0.0004s ]
SQL: SELECT SUM(t_record.point) AS tp_sum FROM `t_record` INNER JOIN t_student_teacher on t_student_teacher.id = t_record.student_teacher_id  WHERE t_student_teacher.student_id = '10000' AND t_record.type_id = '1' AND t_record.status = '已通过' LIMIT 1   [ RunTime:0.0003s ]
SQL: SELECT t_record.id AS `id`,t_record.title AS `title`,t_record.url AS `file_url`,t_record.remark AS `remark`,t_record.type_id AS `type_id`,t_record.feedback AS `feedback`,t_record.point AS `point`,t_record.status AS `status`,t_record.created_at AS `created_at`,t_record.updated_by AS `updated_by`,t_record.updated_at AS `updated_at` FROM `t_record` INNER JOIN t_student_teacher on t_student_teacher.id = t_record.student_teacher_id  WHERE t_student_teacher.student_id = '10000' AND t_record.type_id = '1' ORDER BY status desc,updated_at desc  [ RunTime:0.0003s ]
INFO: [ view_parse ] --START--
INFO: [ template_filter ] --START--
INFO: Run Behavior\ContentReplaceBehavior [ RunTime:0.000041s ]
INFO: [ template_filter ] --END-- [ RunTime:0.000075s ]
NOTIC: [8] Use of undefined constant url - assumed 'url' /Users/jeff/1.code/SZTZ2.0/Application/Runtime/Cache/Main/0cfb1c38404854a2dc2cecfbaf04656f.php 第 45 行.
NOTIC: [8] Use of undefined constant url - assumed 'url' /Users/jeff/1.code/SZTZ2.0/Application/Runtime/Cache/Main/0cfb1c38404854a2dc2cecfbaf04656f.php 第 47 行.
NOTIC: [8] Use of undefined constant url - assumed 'url' /Users/jeff/1.code/SZTZ2.0/Application/Runtime/Cache/Main/0cfb1c38404854a2dc2cecfbaf04656f.php 第 47 行.
NOTIC: [8] Use of undefined constant url - assumed 'url' /Users/jeff/1.code/SZTZ2.0/Application/Runtime/Cache/Main/0cfb1c38404854a2dc2cecfbaf04656f.php 第 47 行.
NOTIC: [8] Use of undefined constant url - assumed 'url' /Users/jeff/1.code/SZTZ2.0/Application/Runtime/Cache/Main/0cfb1c38404854a2dc2cecfbaf04656f.php 第 47 行.
NOTIC: [8] Use of undefined constant url - assumed 'url' /Users/jeff/1.code/SZTZ2.0/Application/Runtime/Cache/Main/0cfb1c38404854a2dc2cecfbaf04656f.php 第 47 行.
NOTIC: [8] Use of undefined constant url - assumed 'url' /Users/jeff/1.code/SZTZ2.0/Application/Runtime/Cache/Main/0cfb1c38404854a2dc2cecfbaf04656f.php 第 47 行.
NOTIC: [8] Use of undefined constant url - assumed 'url' /Users/jeff/1.code/SZTZ2.0/Application/Runtime/Cache/Main/0cfb1c38404854a2dc2cecfbaf04656f.php 第 47 行.
NOTIC: [8] Use of undefined constant url - assumed 'url' /Users/jeff/1.code/SZTZ2.0/Application/Runtime/Cache/Main/0cfb1c38404854a2dc2cecfbaf04656f.php 第 47 行.
NOTIC: [8] Use of undefined constant url - assumed 'url' /Users/jeff/1.code/SZTZ2.0/Application/Runtime/Cache/Main/0cfb1c38404854a2dc2cecfbaf04656f.php 第 47 行.
INFO: Run Behavior\ParseTemplateBehavior [ RunTime:0.007383s ]
INFO: [ view_parse ] --END-- [ RunTime:0.007418s ]
INFO: [ view_filter ] --START--
INFO: Run Behavior\WriteHtmlCacheBehavior [ RunTime:0.000162s ]
INFO: [ view_filter ] --END-- [ RunTime:0.000198s ]
INFO: [ app_end ] --START--
INFO: Run Behavior\ShowPageTraceBehavior [ RunTime:0.000737s ]
INFO: [ app_end ] --END-- [ RunTime:0.000810s ]

[ 2016-04-23T00:29:21+08:00 ] ::1 /SZTZ2.0/Uploads/2012/10000/20160415/1460705718177461871.pdf
INFO: [ app_init ] --START--
INFO: Run Behavior\BuildLiteBehavior [ RunTime:0.000011s ]
INFO: [ app_init ] --END-- [ RunTime:0.000277s ]
INFO: [ app_begin ] --START--
INFO: Run Behavior\ReadHtmlCacheBehavior [ RunTime:0.000361s ]
INFO: [ app_begin ] --END-- [ RunTime:0.000402s ]
ERR: 无法加载控制器:Uploads

[ 2016-04-23T00:29:27+08:00 ] ::1 /SZTZ2.0/Uploads/2012/10000/20160415/14607058132116786113.pdf
INFO: [ app_init ] --START--
INFO: Run Behavior\BuildLiteBehavior [ RunTime:0.000017s ]
INFO: [ app_init ] --END-- [ RunTime:0.000374s ]
INFO: [ app_begin ] --START--
INFO: Run Behavior\ReadHtmlCacheBehavior [ RunTime:0.000365s ]
INFO: [ app_begin ] --END-- [ RunTime:0.000410s ]
ERR: 无法加载控制器:Uploads

[ 2016-04-23T00:29:31+08:00 ] ::1 /SZTZ2.0/Student/detail/id/Njk%3D
INFO: [ app_init ] --START--
INFO: Run Behavior\BuildLiteBehavior [ RunTime:0.000008s ]
INFO: [ app_init ] --END-- [ RunTime:0.000175s ]
INFO: [ app_begin ] --START--
INFO: Run Behavior\ReadHtmlCacheBehavior [ RunTime:0.000219s ]
INFO: [ app_begin ] --END-- [ RunTime:0.000246s ]
SQL: SHOW COLUMNS FROM `t_type` [ RunTime:0.0005s ]
SQL: SELECT * FROM `t_type`  [ RunTime:0.0003s ]
SQL: SHOW COLUMNS FROM `t_student` [ RunTime:0.0005s ]
SQL: SELECT `feedback_count` FROM `t_student` WHERE ( user_id = 10000 ) LIMIT 1   [ RunTime:0.0002s ]
SQL: SHOW COLUMNS FROM `t_student_teacher` [ RunTime:0.0004s ]
SQL: SELECT * FROM `t_student_teacher` INNER JOIN t_student on t_student_teacher.student_id = t_student.user_id INNER JOIN t_record on t_record.student_teacher_id = t_student_teacher.id  WHERE t_record.id = '69' AND t_student_teacher.student_id = '10000' ORDER BY t_record.created_at desc  [ RunTime:0.0004s ]
SQL: SELECT * FROM `t_type` WHERE `id` = 1 LIMIT 1   [ RunTime:0.0002s ]
INFO: [ view_parse ] --START--
INFO: [ template_filter ] --START--
INFO: Run Behavior\ContentReplaceBehavior [ RunTime:0.000039s ]
INFO: [ template_filter ] --END-- [ RunTime:0.000076s ]
NOTIC: [8] Use of undefined constant url - assumed 'url' /Users/jeff/1.code/SZTZ2.0/Application/Runtime/Cache/Main/092a66abe1fb6c4348b5d1bc1b77e9ca.php 第 48 行.
NOTIC: [8] Use of undefined constant url - assumed 'url' /Users/jeff/1.code/SZTZ2.0/Application/Runtime/Cache/Main/092a66abe1fb6c4348b5d1bc1b77e9ca.php 第 48 行.
NOTIC: [8] Use of undefined constant url - assumed 'url' /Users/jeff/1.code/SZTZ2.0/Application/Runtime/Cache/Main/092a66abe1fb6c4348b5d1bc1b77e9ca.php 第 48 行.
NOTIC: [8] Use of undefined constant url - assumed 'url' /Users/jeff/1.code/SZTZ2.0/Application/Runtime/Cache/Main/092a66abe1fb6c4348b5d1bc1b77e9ca.php 第 48 行.
NOTIC: [8] Use of undefined constant url - assumed 'url' /Users/jeff/1.code/SZTZ2.0/Application/Runtime/Cache/Main/092a66abe1fb6c4348b5d1bc1b77e9ca.php 第 48 行.
NOTIC: [8] Use of undefined constant url - assumed 'url' /Users/jeff/1.code/SZTZ2.0/Application/Runtime/Cache/Main/092a66abe1fb6c4348b5d1bc1b77e9ca.php 第 48 行.
NOTIC: [8] Use of undefined constant url - assumed 'url' /Users/jeff/1.code/SZTZ2.0/Application/Runtime/Cache/Main/092a66abe1fb6c4348b5d1bc1b77e9ca.php 第 48 行.
NOTIC: [8] Use of undefined constant url - assumed 'url' /Users/jeff/1.code/SZTZ2.0/Application/Runtime/Cache/Main/092a66abe1fb6c4348b5d1bc1b77e9ca.php 第 48 行.
NOTIC: [8] Use of undefined constant url - assumed 'url' /Users/jeff/1.code/SZTZ2.0/Application/Runtime/Cache/Main/092a66abe1fb6c4348b5d1bc1b77e9ca.php 第 48 行.
NOTIC: [8] Use of undefined constant url - assumed 'url' /Users/jeff/1.code/SZTZ2.0/Application/Runtime/Cache/Main/092a66abe1fb6c4348b5d1bc1b77e9ca.php 第 48 行.
INFO: Run Behavior\ParseTemplateBehavior [ RunTime:0.007062s ]
INFO: [ view_parse ] --END-- [ RunTime:0.007091s ]
INFO: [ view_filter ] --START--
INFO: Run Behavior\WriteHtmlCacheBehavior [ RunTime:0.000100s ]
INFO: [ view_filter ] --END-- [ RunTime:0.000121s ]
INFO: [ app_end ] --START--
INFO: Run Behavior\ShowPageTraceBehavior [ RunTime:0.000398s ]
INFO: [ app_end ] --END-- [ RunTime:0.000440s ]

[ 2016-04-23T00:29:31+08:00 ] ::1 /SZTZ2.0/Uploads/2012/10000/20160415/14607057582097598779.pdf
INFO: [ app_init ] --START--
INFO: Run Behavior\BuildLiteBehavior [ RunTime:0.000014s ]
INFO: [ app_init ] --END-- [ RunTime:0.000313s ]
INFO: [ app_begin ] --START--
INFO: Run Behavior\ReadHtmlCacheBehavior [ RunTime:0.000427s ]
INFO: [ app_begin ] --END-- [ RunTime:0.000485s ]
ERR: 无法加载控制器:Uploads

[ 2016-04-23T00:29:35+08:00 ] ::1 /SZTZ2.0/Student/subject/type/MQ%3D%3D
INFO: [ app_init ] --START--
INFO: Run Behavior\BuildLiteBehavior [ RunTime:0.000009s ]
INFO: [ app_init ] --END-- [ RunTime:0.000173s ]
INFO: [ app_begin ] --START--
INFO: Run Behavior\ReadHtmlCacheBehavior [ RunTime:0.000213s ]
INFO: [ app_begin ] --END-- [ RunTime:0.000238s ]
SQL: SHOW COLUMNS FROM `t_type` [ RunTime:0.0004s ]
SQL: SELECT * FROM `t_type`  [ RunTime:0.0002s ]
SQL: SHOW COLUMNS FROM `t_student` [ RunTime:0.0004s ]
SQL: SELECT `feedback_count` FROM `t_student` WHERE ( user_id = 10000 ) LIMIT 1   [ RunTime:0.0002s ]
SQL: SHOW COLUMNS FROM `t_type_grade_profession` [ RunTime:0.0004s ]
SQL: SELECT t_type_grade_profession.id AS `id`,t_type_grade_profession.type_id AS `type_id`,t_type.name AS `type`,t_type_grade_profession.max_point AS `max_point`,t_type_grade_profession.min_point AS `min_point`,t_type_grade_profession.property AS `property` FROM `t_type_grade_profession` INNER JOIN t_type on t_type.id = t_type_grade_profession.type_id  WHERE t_type_grade_profession.grade = '2012' AND t_type_grade_profession.profession = '信息管理与信息系统' AND t_type_grade_profession.type_id = '1'  [ RunTime:0.0003s ]
SQL: SHOW COLUMNS FROM `t_record` [ RunTime:0.0004s ]
SQL: SELECT SUM(t_record.point) AS tp_sum FROM `t_record` INNER JOIN t_student_teacher on t_student_teacher.id = t_record.student_teacher_id  WHERE t_student_teacher.student_id = '10000' AND t_record.type_id = '1' AND t_record.status = '已通过' LIMIT 1   [ RunTime:0.0003s ]
SQL: SELECT t_record.id AS `id`,t_record.title AS `title`,t_record.url AS `file_url`,t_record.remark AS `remark`,t_record.type_id AS `type_id`,t_record.feedback AS `feedback`,t_record.point AS `point`,t_record.status AS `status`,t_record.created_at AS `created_at`,t_record.updated_by AS `updated_by`,t_record.updated_at AS `updated_at` FROM `t_record` INNER JOIN t_student_teacher on t_student_teacher.id = t_record.student_teacher_id  WHERE t_student_teacher.student_id = '10000' AND t_record.type_id = '1' ORDER BY status desc,updated_at desc  [ RunTime:0.0003s ]
INFO: [ view_parse ] --START--
INFO: [ template_filter ] --START--
INFO: Run Behavior\ContentReplaceBehavior [ RunTime:0.000042s ]
INFO: [ template_filter ] --END-- [ RunTime:0.000079s ]
NOTIC: [8] Use of undefined constant url - assumed 'url' /Users/jeff/1.code/SZTZ2.0/Application/Runtime/Cache/Main/0cfb1c38404854a2dc2cecfbaf04656f.php 第 45 行.
NOTIC: [8] Use of undefined constant url - assumed 'url' /Users/jeff/1.code/SZTZ2.0/Application/Runtime/Cache/Main/0cfb1c38404854a2dc2cecfbaf04656f.php 第 47 行.
NOTIC: [8] Use of undefined constant url - assumed 'url' /Users/jeff/1.code/SZTZ2.0/Application/Runtime/Cache/Main/0cfb1c38404854a2dc2cecfbaf04656f.php 第 47 行.
NOTIC: [8] Use of undefined constant url - assumed 'url' /Users/jeff/1.code/SZTZ2.0/Application/Runtime/Cache/Main/0cfb1c38404854a2dc2cecfbaf04656f.php 第 47 行.
NOTIC: [8] Use of undefined constant url - assumed 'url' /Users/jeff/1.code/SZTZ2.0/Application/Runtime/Cache/Main/0cfb1c38404854a2dc2cecfbaf04656f.php 第 47 行.
NOTIC: [8] Use of undefined constant url - assumed 'url' /Users/jeff/1.code/SZTZ2.0/Application/Runtime/Cache/Main/0cfb1c38404854a2dc2cecfbaf04656f.php 第 47 行.
NOTIC: [8] Use of undefined constant url - assumed 'url' /Users/jeff/1.code/SZTZ2.0/Application/Runtime/Cache/Main/0cfb1c38404854a2dc2cecfbaf04656f.php 第 47 行.
NOTIC: [8] Use of undefined constant url - assumed 'url' /Users/jeff/1.code/SZTZ2.0/Application/Runtime/Cache/Main/0cfb1c38404854a2dc2cecfbaf04656f.php 第 47 行.
NOTIC: [8] Use of undefined constant url - assumed 'url' /Users/jeff/1.code/SZTZ2.0/Application/Runtime/Cache/Main/0cfb1c38404854a2dc2cecfbaf04656f.php 第 47 行.
NOTIC: [8] Use of undefined constant url - assumed 'url' /Users/jeff/1.code/SZTZ2.0/Application/Runtime/Cache/Main/0cfb1c38404854a2dc2cecfbaf04656f.php 第 47 行.
INFO: Run Behavior\ParseTemplateBehavior [ RunTime:0.007642s ]
INFO: [ view_parse ] --END-- [ RunTime:0.007670s ]
INFO: [ view_filter ] --START--
INFO: Run Behavior\WriteHtmlCacheBehavior [ RunTime:0.000091s ]
INFO: [ view_filter ] --END-- [ RunTime:0.000113s ]
INFO: [ app_end ] --START--
INFO: Run Behavior\ShowPageTraceBehavior [ RunTime:0.000318s ]
INFO: [ app_end ] --END-- [ RunTime:0.000361s ]

[ 2016-04-23T00:29:36+08:00 ] ::1 /SZTZ2.0/Student/subject/type/Mw%3D%3D
INFO: [ app_init ] --START--
INFO: Run Behavior\BuildLiteBehavior [ RunTime:0.000008s ]
INFO: [ app_init ] --END-- [ RunTime:0.000174s ]
INFO: [ app_begin ] --START--
INFO: Run Behavior\ReadHtmlCacheBehavior [ RunTime:0.000217s ]
INFO: [ app_begin ] --END-- [ RunTime:0.000243s ]
SQL: SHOW COLUMNS FROM `t_type` [ RunTime:0.0005s ]
SQL: SELECT * FROM `t_type`  [ RunTime:0.0002s ]
SQL: SHOW COLUMNS FROM `t_student` [ RunTime:0.0004s ]
SQL: SELECT `feedback_count` FROM `t_student` WHERE ( user_id = 10000 ) LIMIT 1   [ RunTime:0.0002s ]
SQL: SHOW COLUMNS FROM `t_type_grade_profession` [ RunTime:0.0003s ]
SQL: SELECT t_type_grade_profession.id AS `id`,t_type_grade_profession.type_id AS `type_id`,t_type.name AS `type`,t_type_grade_profession.max_point AS `max_point`,t_type_grade_profession.min_point AS `min_point`,t_type_grade_profession.property AS `property` FROM `t_type_grade_profession` INNER JOIN t_type on t_type.id = t_type_grade_profession.type_id  WHERE t_type_grade_profession.grade = '2012' AND t_type_grade_profession.profession = '信息管理与信息系统' AND t_type_grade_profession.type_id = '3'  [ RunTime:0.0003s ]
SQL: SHOW COLUMNS FROM `t_record` [ RunTime:0.0004s ]
SQL: SELECT SUM(t_record.point) AS tp_sum FROM `t_record` INNER JOIN t_student_teacher on t_student_teacher.id = t_record.student_teacher_id  WHERE t_student_teacher.student_id = '10000' AND t_record.type_id = '3' AND t_record.status = '已通过' LIMIT 1   [ RunTime:0.0003s ]
SQL: SELECT t_record.id AS `id`,t_record.title AS `title`,t_record.url AS `file_url`,t_record.remark AS `remark`,t_record.type_id AS `type_id`,t_record.feedback AS `feedback`,t_record.point AS `point`,t_record.status AS `status`,t_record.created_at AS `created_at`,t_record.updated_by AS `updated_by`,t_record.updated_at AS `updated_at` FROM `t_record` INNER JOIN t_student_teacher on t_student_teacher.id = t_record.student_teacher_id  WHERE t_student_teacher.student_id = '10000' AND t_record.type_id = '3' ORDER BY status desc,updated_at desc  [ RunTime:0.0003s ]
INFO: [ view_parse ] --START--
INFO: [ template_filter ] --START--
INFO: Run Behavior\ContentReplaceBehavior [ RunTime:0.000046s ]
INFO: [ template_filter ] --END-- [ RunTime:0.000087s ]
NOTIC: [8] Use of undefined constant url - assumed 'url' /Users/jeff/1.code/SZTZ2.0/Application/Runtime/Cache/Main/0cfb1c38404854a2dc2cecfbaf04656f.php 第 47 行.
NOTIC: [8] Use of undefined constant url - assumed 'url' /Users/jeff/1.code/SZTZ2.0/Application/Runtime/Cache/Main/0cfb1c38404854a2dc2cecfbaf04656f.php 第 47 行.
NOTIC: [8] Use of undefined constant url - assumed 'url' /Users/jeff/1.code/SZTZ2.0/Application/Runtime/Cache/Main/0cfb1c38404854a2dc2cecfbaf04656f.php 第 45 行.
NOTIC: [8] Use of undefined constant url - assumed 'url' /Users/jeff/1.code/SZTZ2.0/Application/Runtime/Cache/Main/0cfb1c38404854a2dc2cecfbaf04656f.php 第 47 行.
NOTIC: [8] Use of undefined constant url - assumed 'url' /Users/jeff/1.code/SZTZ2.0/Application/Runtime/Cache/Main/0cfb1c38404854a2dc2cecfbaf04656f.php 第 47 行.
NOTIC: [8] Use of undefined constant url - assumed 'url' /Users/jeff/1.code/SZTZ2.0/Application/Runtime/Cache/Main/0cfb1c38404854a2dc2cecfbaf04656f.php 第 47 行.
NOTIC: [8] Use of undefined constant url - assumed 'url' /Users/jeff/1.code/SZTZ2.0/Application/Runtime/Cache/Main/0cfb1c38404854a2dc2cecfbaf04656f.php 第 47 行.
NOTIC: [8] Use of undefined constant url - assumed 'url' /Users/jeff/1.code/SZTZ2.0/Application/Runtime/Cache/Main/0cfb1c38404854a2dc2cecfbaf04656f.php 第 47 行.
NOTIC: [8] Use of undefined constant url - assumed 'url' /Users/jeff/1.code/SZTZ2.0/Application/Runtime/Cache/Main/0cfb1c38404854a2dc2cecfbaf04656f.php 第 47 行.
NOTIC: [8] Use of undefined constant url - assumed 'url' /Users/jeff/1.code/SZTZ2.0/Application/Runtime/Cache/Main/0cfb1c38404854a2dc2cecfbaf04656f.php 第 47 行.
INFO: Run Behavior\ParseTemplateBehavior [ RunTime:0.007133s ]
INFO: [ view_parse ] --END-- [ RunTime:0.007167s ]
INFO: [ view_filter ] --START--
INFO: Run Behavior\WriteHtmlCacheBehavior [ RunTime:0.000108s ]
INFO: [ view_filter ] --END-- [ RunTime:0.000132s ]
INFO: [ app_end ] --START--
INFO: Run Behavior\ShowPageTraceBehavior [ RunTime:0.000336s ]
INFO: [ app_end ] --END-- [ RunTime:0.000373s ]

[ 2016-04-23T00:29:38+08:00 ] ::1 /SZTZ2.0/Student/index
INFO: [ app_init ] --START--
INFO: Run Behavior\BuildLiteBehavior [ RunTime:0.000007s ]
INFO: [ app_init ] --END-- [ RunTime:0.000167s ]
INFO: [ app_begin ] --START--
INFO: Run Behavior\ReadHtmlCacheBehavior [ RunTime:0.000209s ]
INFO: [ app_begin ] --END-- [ RunTime:0.000234s ]
SQL: SHOW COLUMNS FROM `t_type` [ RunTime:0.0004s ]
SQL: SELECT * FROM `t_type`  [ RunTime:0.0002s ]
SQL: SHOW COLUMNS FROM `t_student` [ RunTime:0.0004s ]
SQL: SELECT `feedback_count` FROM `t_student` WHERE ( user_id = 10000 ) LIMIT 1   [ RunTime:0.0002s ]
SQL: SHOW COLUMNS FROM `t_user_control` [ RunTime:0.0004s ]
SQL: SELECT * FROM `t_user_control` WHERE `user_id` = 10000 AND `name` = '登录系统' ORDER BY created_at desc LIMIT 1   [ RunTime:0.0003s ]
SQL: SHOW COLUMNS FROM `t_notice` [ RunTime:0.0004s ]
SQL: SELECT * FROM `t_notice` ORDER BY updated_at desc LIMIT 1   [ RunTime:0.0003s ]
SQL: SHOW COLUMNS FROM `t_type_grade_profession` [ RunTime:0.0004s ]
SQL: SELECT t_type_grade_profession.id AS `id`,t_type_grade_profession.type_id AS `type_id`,t_type.name AS `type`,t_type_grade_profession.max_point AS `max_point`,t_type_grade_profession.min_point AS `min_point`,t_type_grade_profession.property AS `property` FROM `t_type_grade_profession` INNER JOIN t_type on t_type.id = t_type_grade_profession.type_id  WHERE t_type_grade_profession.grade = '2012' AND t_type_grade_profession.profession = '信息管理与信息系统'  [ RunTime:0.0003s ]
SQL: SHOW COLUMNS FROM `t_record` [ RunTime:0.0004s ]
SQL: SELECT SUM(t_record.point) AS tp_sum FROM `t_record` INNER JOIN t_student_teacher on t_student_teacher.id = t_record.student_teacher_id  WHERE t_student_teacher.student_id = '10000' AND t_record.type_id = '1' AND t_record.status = '已通过' LIMIT 1   [ RunTime:0.0003s ]
SQL: SELECT SUM(t_record.point) AS tp_sum FROM `t_record` INNER JOIN t_student_teacher on t_student_teacher.id = t_record.student_teacher_id  WHERE t_student_teacher.student_id = '10000' AND t_record.type_id = '2' AND t_record.status = '已通过' LIMIT 1   [ RunTime:0.0002s ]
SQL: SELECT SUM(t_record.point) AS tp_sum FROM `t_record` INNER JOIN t_student_teacher on t_student_teacher.id = t_record.student_teacher_id  WHERE t_student_teacher.student_id = '10000' AND t_record.type_id = '3' AND t_record.status = '已通过' LIMIT 1   [ RunTime:0.0004s ]
SQL: SELECT SUM(t_record.point) AS tp_sum FROM `t_record` INNER JOIN t_student_teacher on t_student_teacher.id = t_record.student_teacher_id  WHERE t_student_teacher.student_id = '10000' AND t_record.type_id = '4' AND t_record.status = '已通过' LIMIT 1   [ RunTime:0.0003s ]
SQL: SELECT SUM(t_record.point) AS tp_sum FROM `t_record` INNER JOIN t_student_teacher on t_student_teacher.id = t_record.student_teacher_id  WHERE t_student_teacher.student_id = '10000' AND t_record.type_id = '5' AND t_record.status = '已通过' LIMIT 1   [ RunTime:0.0002s ]
SQL: SELECT SUM(t_record.point) AS tp_sum FROM `t_record` INNER JOIN t_student_teacher on t_student_teacher.id = t_record.student_teacher_id  WHERE t_student_teacher.student_id = '10000' AND t_record.type_id = '6' AND t_record.status = '已通过' LIMIT 1   [ RunTime:0.0002s ]
SQL: SELECT SUM(t_record.point) AS tp_sum FROM `t_record` INNER JOIN t_student_teacher on t_student_teacher.id = t_record.student_teacher_id  WHERE t_student_teacher.student_id = '10000' AND t_record.type_id = '7' AND t_record.status = '已通过' LIMIT 1   [ RunTime:0.0002s ]
SQL: SELECT SUM(t_record.point) AS tp_sum FROM `t_record` INNER JOIN t_student_teacher on t_student_teacher.id = t_record.student_teacher_id  WHERE t_student_teacher.student_id = '10000' AND t_record.type_id = '8' AND t_record.status = '已通过' LIMIT 1   [ RunTime:0.0002s ]
SQL: SELECT SUM(t_record.point) AS tp_sum FROM `t_record` INNER JOIN t_student_teacher on t_student_teacher.id = t_record.student_teacher_id  WHERE t_student_teacher.student_id = '10000' AND t_record.type_id = '9' AND t_record.status = '已通过' LIMIT 1   [ RunTime:0.0002s ]
SQL: SELECT SUM(t_record.point) AS tp_sum FROM `t_record` INNER JOIN t_student_teacher on t_student_teacher.id = t_record.student_teacher_id  WHERE t_student_teacher.student_id = '10000' AND t_record.type_id = '10' AND t_record.status = '已通过' LIMIT 1   [ RunTime:0.0002s ]
INFO: [ view_parse ] --START--
INFO: [ template_filter ] --START--
INFO: Run Behavior\ContentReplaceBehavior [ RunTime:0.000041s ]
INFO: [ template_filter ] --END-- [ RunTime:0.000078s ]
NOTIC: [8] Use of undefined constant url - assumed 'url' /Users/jeff/1.code/SZTZ2.0/Application/Runtime/Cache/Main/a03934d89ceb6bc97011ff5470ce62ec.php 第 45 行.
NOTIC: [8] Use of undefined constant url - assumed 'url' /Users/jeff/1.code/SZTZ2.0/Application/Runtime/Cache/Main/a03934d89ceb6bc97011ff5470ce62ec.php 第 45 行.
NOTIC: [8] Use of undefined constant url - assumed 'url' /Users/jeff/1.code/SZTZ2.0/Application/Runtime/Cache/Main/a03934d89ceb6bc97011ff5470ce62ec.php 第 45 行.
NOTIC: [8] Use of undefined constant url - assumed 'url' /Users/jeff/1.code/SZTZ2.0/Application/Runtime/Cache/Main/a03934d89ceb6bc97011ff5470ce62ec.php 第 45 行.
NOTIC: [8] Use of undefined constant url - assumed 'url' /Users/jeff/1.code/SZTZ2.0/Application/Runtime/Cache/Main/a03934d89ceb6bc97011ff5470ce62ec.php 第 45 行.
NOTIC: [8] Use of undefined constant url - assumed 'url' /Users/jeff/1.code/SZTZ2.0/Application/Runtime/Cache/Main/a03934d89ceb6bc97011ff5470ce62ec.php 第 45 行.
NOTIC: [8] Use of undefined constant url - assumed 'url' /Users/jeff/1.code/SZTZ2.0/Application/Runtime/Cache/Main/a03934d89ceb6bc97011ff5470ce62ec.php 第 45 行.
NOTIC: [8] Use of undefined constant url - assumed 'url' /Users/jeff/1.code/SZTZ2.0/Application/Runtime/Cache/Main/a03934d89ceb6bc97011ff5470ce62ec.php 第 45 行.
NOTIC: [8] Use of undefined constant url - assumed 'url' /Users/jeff/1.code/SZTZ2.0/Application/Runtime/Cache/Main/a03934d89ceb6bc97011ff5470ce62ec.php 第 45 行.
NOTIC: [8] Use of undefined constant url - assumed 'url' /Users/jeff/1.code/SZTZ2.0/Application/Runtime/Cache/Main/a03934d89ceb6bc97011ff5470ce62ec.php 第 45 行.
INFO: Run Behavior\ParseTemplateBehavior [ RunTime:0.007112s ]
INFO: [ view_parse ] --END-- [ RunTime:0.007144s ]
INFO: [ view_filter ] --START--
INFO: Run Behavior\WriteHtmlCacheBehavior [ RunTime:0.000098s ]
INFO: [ view_filter ] --END-- [ RunTime:0.000120s ]
INFO: [ app_end ] --START--
INFO: Run Behavior\ShowPageTraceBehavior [ RunTime:0.000348s ]
INFO: [ app_end ] --END-- [ RunTime:0.000396s ]

[ 2016-04-23T00:29:40+08:00 ] ::1 /SZTZ2.0/Student/subject/type/MQ%3D%3D
INFO: [ app_init ] --START--
INFO: Run Behavior\BuildLiteBehavior [ RunTime:0.000008s ]
INFO: [ app_init ] --END-- [ RunTime:0.000177s ]
INFO: [ app_begin ] --START--
INFO: Run Behavior\ReadHtmlCacheBehavior [ RunTime:0.000224s ]
INFO: [ app_begin ] --END-- [ RunTime:0.000250s ]
SQL: SHOW COLUMNS FROM `t_type` [ RunTime:0.0004s ]
SQL: SELECT * FROM `t_type`  [ RunTime:0.0002s ]
SQL: SHOW COLUMNS FROM `t_student` [ RunTime:0.0007s ]
SQL: SELECT `feedback_count` FROM `t_student` WHERE ( user_id = 10000 ) LIMIT 1   [ RunTime:0.0003s ]
SQL: SHOW COLUMNS FROM `t_type_grade_profession` [ RunTime:0.0004s ]
SQL: SELECT t_type_grade_profession.id AS `id`,t_type_grade_profession.type_id AS `type_id`,t_type.name AS `type`,t_type_grade_profession.max_point AS `max_point`,t_type_grade_profession.min_point AS `min_point`,t_type_grade_profession.property AS `property` FROM `t_type_grade_profession` INNER JOIN t_type on t_type.id = t_type_grade_profession.type_id  WHERE t_type_grade_profession.grade = '2012' AND t_type_grade_profession.profession = '信息管理与信息系统' AND t_type_grade_profession.type_id = '1'  [ RunTime:0.0003s ]
SQL: SHOW COLUMNS FROM `t_record` [ RunTime:0.0004s ]
SQL: SELECT SUM(t_record.point) AS tp_sum FROM `t_record` INNER JOIN t_student_teacher on t_student_teacher.id = t_record.student_teacher_id  WHERE t_student_teacher.student_id = '10000' AND t_record.type_id = '1' AND t_record.status = '已通过' LIMIT 1   [ RunTime:0.0003s ]
SQL: SELECT t_record.id AS `id`,t_record.title AS `title`,t_record.url AS `file_url`,t_record.remark AS `remark`,t_record.type_id AS `type_id`,t_record.feedback AS `feedback`,t_record.point AS `point`,t_record.status AS `status`,t_record.created_at AS `created_at`,t_record.updated_by AS `updated_by`,t_record.updated_at AS `updated_at` FROM `t_record` INNER JOIN t_student_teacher on t_student_teacher.id = t_record.student_teacher_id  WHERE t_student_teacher.student_id = '10000' AND t_record.type_id = '1' ORDER BY status desc,updated_at desc  [ RunTime:0.0003s ]
INFO: [ view_parse ] --START--
INFO: [ template_filter ] --START--
INFO: Run Behavior\ContentReplaceBehavior [ RunTime:0.000043s ]
INFO: [ template_filter ] --END-- [ RunTime:0.000078s ]
NOTIC: [8] Use of undefined constant url - assumed 'url' /Users/jeff/1.code/SZTZ2.0/Application/Runtime/Cache/Main/0cfb1c38404854a2dc2cecfbaf04656f.php 第 45 行.
NOTIC: [8] Use of undefined constant url - assumed 'url' /Users/jeff/1.code/SZTZ2.0/Application/Runtime/Cache/Main/0cfb1c38404854a2dc2cecfbaf04656f.php 第 47 行.
NOTIC: [8] Use of undefined constant url - assumed 'url' /Users/jeff/1.code/SZTZ2.0/Application/Runtime/Cache/Main/0cfb1c38404854a2dc2cecfbaf04656f.php 第 47 行.
NOTIC: [8] Use of undefined constant url - assumed 'url' /Users/jeff/1.code/SZTZ2.0/Application/Runtime/Cache/Main/0cfb1c38404854a2dc2cecfbaf04656f.php 第 47 行.
NOTIC: [8] Use of undefined constant url - assumed 'url' /Users/jeff/1.code/SZTZ2.0/Application/Runtime/Cache/Main/0cfb1c38404854a2dc2cecfbaf04656f.php 第 47 行.
NOTIC: [8] Use of undefined constant url - assumed 'url' /Users/jeff/1.code/SZTZ2.0/Application/Runtime/Cache/Main/0cfb1c38404854a2dc2cecfbaf04656f.php 第 47 行.
NOTIC: [8] Use of undefined constant url - assumed 'url' /Users/jeff/1.code/SZTZ2.0/Application/Runtime/Cache/Main/0cfb1c38404854a2dc2cecfbaf04656f.php 第 47 行.
NOTIC: [8] Use of undefined constant url - assumed 'url' /Users/jeff/1.code/SZTZ2.0/Application/Runtime/Cache/Main/0cfb1c38404854a2dc2cecfbaf04656f.php 第 47 行.
NOTIC: [8] Use of undefined constant url - assumed 'url' /Users/jeff/1.code/SZTZ2.0/Application/Runtime/Cache/Main/0cfb1c38404854a2dc2cecfbaf04656f.php 第 47 行.
NOTIC: [8] Use of undefined constant url - assumed 'url' /Users/jeff/1.code/SZTZ2.0/Application/Runtime/Cache/Main/0cfb1c38404854a2dc2cecfbaf04656f.php 第 47 行.
INFO: Run Behavior\ParseTemplateBehavior [ RunTime:0.006881s ]
INFO: [ view_parse ] --END-- [ RunTime:0.006909s ]
INFO: [ view_filter ] --START--
INFO: Run Behavior\WriteHtmlCacheBehavior [ RunTime:0.000094s ]
INFO: [ view_filter ] --END-- [ RunTime:0.000115s ]
INFO: [ app_end ] --START--
INFO: Run Behavior\ShowPageTraceBehavior [ RunTime:0.000317s ]
INFO: [ app_end ] --END-- [ RunTime:0.000373s ]

[ 2016-04-23T00:29:42+08:00 ] ::1 /SZTZ2.0/Student/message
INFO: [ app_init ] --START--
INFO: Run Behavior\BuildLiteBehavior [ RunTime:0.000009s ]
INFO: [ app_init ] --END-- [ RunTime:0.000187s ]
INFO: [ app_begin ] --START--
INFO: Run Behavior\ReadHtmlCacheBehavior [ RunTime:0.000228s ]
INFO: [ app_begin ] --END-- [ RunTime:0.000254s ]
SQL: SHOW COLUMNS FROM `t_type` [ RunTime:0.0004s ]
SQL: SELECT * FROM `t_type`  [ RunTime:0.0002s ]
SQL: SHOW COLUMNS FROM `t_student` [ RunTime:0.0004s ]
SQL: SELECT `feedback_count` FROM `t_student` WHERE ( user_id = 10000 ) LIMIT 1   [ RunTime:0.0002s ]
SQL: UPDATE `t_student` SET `feedback_count`='0' WHERE ( user_id =10000 ) [ RunTime:0.0013s ]
SQL: SHOW COLUMNS FROM `t_user_message` [ RunTime:0.0004s ]
SQL: SELECT * FROM `t_user_message` WHERE ( user_id =10000 ) ORDER BY created_at desc  [ RunTime:0.0004s ]
INFO: [ view_parse ] --START--
INFO: [ template_filter ] --START--
INFO: Run Behavior\ContentReplaceBehavior [ RunTime:0.000036s ]
INFO: [ template_filter ] --END-- [ RunTime:0.000071s ]
NOTIC: [8] Use of undefined constant url - assumed 'url' /Users/jeff/1.code/SZTZ2.0/Application/Runtime/Cache/Main/940391c233e78aefd620637acbb6b1c5.php 第 46 行.
NOTIC: [8] Use of undefined constant url - assumed 'url' /Users/jeff/1.code/SZTZ2.0/Application/Runtime/Cache/Main/940391c233e78aefd620637acbb6b1c5.php 第 46 行.
NOTIC: [8] Use of undefined constant url - assumed 'url' /Users/jeff/1.code/SZTZ2.0/Application/Runtime/Cache/Main/940391c233e78aefd620637acbb6b1c5.php 第 46 行.
NOTIC: [8] Use of undefined constant url - assumed 'url' /Users/jeff/1.code/SZTZ2.0/Application/Runtime/Cache/Main/940391c233e78aefd620637acbb6b1c5.php 第 46 行.
NOTIC: [8] Use of undefined constant url - assumed 'url' /Users/jeff/1.code/SZTZ2.0/Application/Runtime/Cache/Main/940391c233e78aefd620637acbb6b1c5.php 第 46 行.
NOTIC: [8] Use of undefined constant url - assumed 'url' /Users/jeff/1.code/SZTZ2.0/Application/Runtime/Cache/Main/940391c233e78aefd620637acbb6b1c5.php 第 46 行.
NOTIC: [8] Use of undefined constant url - assumed 'url' /Users/jeff/1.code/SZTZ2.0/Application/Runtime/Cache/Main/940391c233e78aefd620637acbb6b1c5.php 第 46 行.
NOTIC: [8] Use of undefined constant url - assumed 'url' /Users/jeff/1.code/SZTZ2.0/Application/Runtime/Cache/Main/940391c233e78aefd620637acbb6b1c5.php 第 46 行.
NOTIC: [8] Use of undefined constant url - assumed 'url' /Users/jeff/1.code/SZTZ2.0/Application/Runtime/Cache/Main/940391c233e78aefd620637acbb6b1c5.php 第 46 行.
NOTIC: [8] Use of undefined constant url - assumed 'url' /Users/jeff/1.code/SZTZ2.0/Application/Runtime/Cache/Main/940391c233e78aefd620637acbb6b1c5.php 第 46 行.
INFO: Run Behavior\ParseTemplateBehavior [ RunTime:0.011632s ]
INFO: [ view_parse ] --END-- [ RunTime:0.011677s ]
INFO: [ view_filter ] --START--
INFO: Run Behavior\WriteHtmlCacheBehavior [ RunTime:0.000172s ]
INFO: [ view_filter ] --END-- [ RunTime:0.000210s ]
INFO: [ app_end ] --START--
INFO: Run Behavior\ShowPageTraceBehavior [ RunTime:0.000449s ]
INFO: [ app_end ] --END-- [ RunTime:0.000524s ]

[ 2016-04-23T00:34:32+08:00 ] ::1 /SZTZ2.0/Student/index
INFO: [ app_init ] --START--
INFO: Run Behavior\BuildLiteBehavior [ RunTime:0.000007s ]
INFO: [ app_init ] --END-- [ RunTime:0.000175s ]
INFO: [ app_begin ] --START--
INFO: Run Behavior\ReadHtmlCacheBehavior [ RunTime:0.000219s ]
INFO: [ app_begin ] --END-- [ RunTime:0.000247s ]
SQL: SHOW COLUMNS FROM `t_type` [ RunTime:0.0004s ]
SQL: SELECT * FROM `t_type`  [ RunTime:0.0002s ]
SQL: SHOW COLUMNS FROM `t_student` [ RunTime:0.0004s ]
SQL: SELECT `feedback_count` FROM `t_student` WHERE ( user_id = 10000 ) LIMIT 1   [ RunTime:0.0002s ]
SQL: SHOW COLUMNS FROM `t_user_control` [ RunTime:0.0004s ]
SQL: SELECT * FROM `t_user_control` WHERE `user_id` = 10000 AND `name` = '登录系统' ORDER BY created_at desc LIMIT 1   [ RunTime:0.0003s ]
SQL: SHOW COLUMNS FROM `t_notice` [ RunTime:0.0006s ]
SQL: SELECT * FROM `t_notice` ORDER BY updated_at desc LIMIT 1   [ RunTime:0.0003s ]
SQL: SHOW COLUMNS FROM `t_type_grade_profession` [ RunTime:0.0004s ]
SQL: SELECT t_type_grade_profession.id AS `id`,t_type_grade_profession.type_id AS `type_id`,t_type.name AS `type`,t_type_grade_profession.max_point AS `max_point`,t_type_grade_profession.min_point AS `min_point`,t_type_grade_profession.property AS `property` FROM `t_type_grade_profession` INNER JOIN t_type on t_type.id = t_type_grade_profession.type_id  WHERE t_type_grade_profession.grade = '2012' AND t_type_grade_profession.profession = '信息管理与信息系统'  [ RunTime:0.0003s ]
SQL: SHOW COLUMNS FROM `t_record` [ RunTime:0.0004s ]
SQL: SELECT SUM(t_record.point) AS tp_sum FROM `t_record` INNER JOIN t_student_teacher on t_student_teacher.id = t_record.student_teacher_id  WHERE t_student_teacher.student_id = '10000' AND t_record.type_id = '1' AND t_record.status = '已通过' LIMIT 1   [ RunTime:0.0003s ]
SQL: SELECT SUM(t_record.point) AS tp_sum FROM `t_record` INNER JOIN t_student_teacher on t_student_teacher.id = t_record.student_teacher_id  WHERE t_student_teacher.student_id = '10000' AND t_record.type_id = '2' AND t_record.status = '已通过' LIMIT 1   [ RunTime:0.0002s ]
SQL: SELECT SUM(t_record.point) AS tp_sum FROM `t_record` INNER JOIN t_student_teacher on t_student_teacher.id = t_record.student_teacher_id  WHERE t_student_teacher.student_id = '10000' AND t_record.type_id = '3' AND t_record.status = '已通过' LIMIT 1   [ RunTime:0.0002s ]
SQL: SELECT SUM(t_record.point) AS tp_sum FROM `t_record` INNER JOIN t_student_teacher on t_student_teacher.id = t_record.student_teacher_id  WHERE t_student_teacher.student_id = '10000' AND t_record.type_id = '4' AND t_record.status = '已通过' LIMIT 1   [ RunTime:0.0002s ]
SQL: SELECT SUM(t_record.point) AS tp_sum FROM `t_record` INNER JOIN t_student_teacher on t_student_teacher.id = t_record.student_teacher_id  WHERE t_student_teacher.student_id = '10000' AND t_record.type_id = '5' AND t_record.status = '已通过' LIMIT 1   [ RunTime:0.0002s ]
SQL: SELECT SUM(t_record.point) AS tp_sum FROM `t_record` INNER JOIN t_student_teacher on t_student_teacher.id = t_record.student_teacher_id  WHERE t_student_teacher.student_id = '10000' AND t_record.type_id = '6' AND t_record.status = '已通过' LIMIT 1   [ RunTime:0.0002s ]
SQL: SELECT SUM(t_record.point) AS tp_sum FROM `t_record` INNER JOIN t_student_teacher on t_student_teacher.id = t_record.student_teacher_id  WHERE t_student_teacher.student_id = '10000' AND t_record.type_id = '7' AND t_record.status = '已通过' LIMIT 1   [ RunTime:0.0002s ]
SQL: SELECT SUM(t_record.point) AS tp_sum FROM `t_record` INNER JOIN t_student_teacher on t_student_teacher.id = t_record.student_teacher_id  WHERE t_student_teacher.student_id = '10000' AND t_record.type_id = '8' AND t_record.status = '已通过' LIMIT 1   [ RunTime:0.0002s ]
SQL: SELECT SUM(t_record.point) AS tp_sum FROM `t_record` INNER JOIN t_student_teacher on t_student_teacher.id = t_record.student_teacher_id  WHERE t_student_teacher.student_id = '10000' AND t_record.type_id = '9' AND t_record.status = '已通过' LIMIT 1   [ RunTime:0.0002s ]
SQL: SELECT SUM(t_record.point) AS tp_sum FROM `t_record` INNER JOIN t_student_teacher on t_student_teacher.id = t_record.student_teacher_id  WHERE t_student_teacher.student_id = '10000' AND t_record.type_id = '10' AND t_record.status = '已通过' LIMIT 1   [ RunTime:0.0002s ]
INFO: [ view_parse ] --START--
INFO: [ template_filter ] --START--
INFO: Run Behavior\ContentReplaceBehavior [ RunTime:0.000042s ]
INFO: [ template_filter ] --END-- [ RunTime:0.000079s ]
NOTIC: [8] Use of undefined constant url - assumed 'url' /Users/jeff/1.code/SZTZ2.0/Application/Runtime/Cache/Main/a03934d89ceb6bc97011ff5470ce62ec.php 第 45 行.
NOTIC: [8] Use of undefined constant url - assumed 'url' /Users/jeff/1.code/SZTZ2.0/Application/Runtime/Cache/Main/a03934d89ceb6bc97011ff5470ce62ec.php 第 45 行.
NOTIC: [8] Use of undefined constant url - assumed 'url' /Users/jeff/1.code/SZTZ2.0/Application/Runtime/Cache/Main/a03934d89ceb6bc97011ff5470ce62ec.php 第 45 行.
NOTIC: [8] Use of undefined constant url - assumed 'url' /Users/jeff/1.code/SZTZ2.0/Application/Runtime/Cache/Main/a03934d89ceb6bc97011ff5470ce62ec.php 第 45 行.
NOTIC: [8] Use of undefined constant url - assumed 'url' /Users/jeff/1.code/SZTZ2.0/Application/Runtime/Cache/Main/a03934d89ceb6bc97011ff5470ce62ec.php 第 45 行.
NOTIC: [8] Use of undefined constant url - assumed 'url' /Users/jeff/1.code/SZTZ2.0/Application/Runtime/Cache/Main/a03934d89ceb6bc97011ff5470ce62ec.php 第 45 行.
NOTIC: [8] Use of undefined constant url - assumed 'url' /Users/jeff/1.code/SZTZ2.0/Application/Runtime/Cache/Main/a03934d89ceb6bc97011ff5470ce62ec.php 第 45 行.
NOTIC: [8] Use of undefined constant url - assumed 'url' /Users/jeff/1.code/SZTZ2.0/Application/Runtime/Cache/Main/a03934d89ceb6bc97011ff5470ce62ec.php 第 45 行.
NOTIC: [8] Use of undefined constant url - assumed 'url' /Users/jeff/1.code/SZTZ2.0/Application/Runtime/Cache/Main/a03934d89ceb6bc97011ff5470ce62ec.php 第 45 行.
NOTIC: [8] Use of undefined constant url - assumed 'url' /Users/jeff/1.code/SZTZ2.0/Application/Runtime/Cache/Main/a03934d89ceb6bc97011ff5470ce62ec.php 第 45 行.
INFO: Run Behavior\ParseTemplateBehavior [ RunTime:0.007008s ]
INFO: [ view_parse ] --END-- [ RunTime:0.007040s ]
INFO: [ view_filter ] --START--
INFO: Run Behavior\WriteHtmlCacheBehavior [ RunTime:0.000099s ]
INFO: [ view_filter ] --END-- [ RunTime:0.000121s ]
INFO: [ app_end ] --START--
INFO: Run Behavior\ShowPageTraceBehavior [ RunTime:0.000401s ]
INFO: [ app_end ] --END-- [ RunTime:0.000436s ]

[ 2016-04-23T00:34:36+08:00 ] ::1 /SZTZ2.0/Student/addItem
INFO: [ app_init ] --START--
INFO: Run Behavior\BuildLiteBehavior [ RunTime:0.000010s ]
INFO: [ app_init ] --END-- [ RunTime:0.000195s ]
INFO: [ app_begin ] --START--
INFO: Run Behavior\ReadHtmlCacheBehavior [ RunTime:0.000234s ]
INFO: [ app_begin ] --END-- [ RunTime:0.000262s ]
SQL: SHOW COLUMNS FROM `t_type` [ RunTime:0.0004s ]
SQL: SELECT * FROM `t_type`  [ RunTime:0.0002s ]
SQL: SHOW COLUMNS FROM `t_student` [ RunTime:0.0004s ]
SQL: SELECT `feedback_count` FROM `t_student` WHERE ( user_id = 10000 ) LIMIT 1   [ RunTime:0.0002s ]
INFO: [ view_parse ] --START--
INFO: [ template_filter ] --START--
INFO: Run Behavior\ContentReplaceBehavior [ RunTime:0.000043s ]
INFO: [ template_filter ] --END-- [ RunTime:0.000078s ]
NOTIC: [8] Use of undefined constant url - assumed 'url' /Users/jeff/1.code/SZTZ2.0/Application/Runtime/Cache/Main/38b85d10c94aac3594d3bd319493e007.php 第 46 行.
NOTIC: [8] Use of undefined constant url - assumed 'url' /Users/jeff/1.code/SZTZ2.0/Application/Runtime/Cache/Main/38b85d10c94aac3594d3bd319493e007.php 第 46 行.
NOTIC: [8] Use of undefined constant url - assumed 'url' /Users/jeff/1.code/SZTZ2.0/Application/Runtime/Cache/Main/38b85d10c94aac3594d3bd319493e007.php 第 46 行.
NOTIC: [8] Use of undefined constant url - assumed 'url' /Users/jeff/1.code/SZTZ2.0/Application/Runtime/Cache/Main/38b85d10c94aac3594d3bd319493e007.php 第 46 行.
NOTIC: [8] Use of undefined constant url - assumed 'url' /Users/jeff/1.code/SZTZ2.0/Application/Runtime/Cache/Main/38b85d10c94aac3594d3bd319493e007.php 第 46 行.
NOTIC: [8] Use of undefined constant url - assumed 'url' /Users/jeff/1.code/SZTZ2.0/Application/Runtime/Cache/Main/38b85d10c94aac3594d3bd319493e007.php 第 46 行.
NOTIC: [8] Use of undefined constant url - assumed 'url' /Users/jeff/1.code/SZTZ2.0/Application/Runtime/Cache/Main/38b85d10c94aac3594d3bd319493e007.php 第 46 行.
NOTIC: [8] Use of undefined constant url - assumed 'url' /Users/jeff/1.code/SZTZ2.0/Application/Runtime/Cache/Main/38b85d10c94aac3594d3bd319493e007.php 第 46 行.
NOTIC: [8] Use of undefined constant url - assumed 'url' /Users/jeff/1.code/SZTZ2.0/Application/Runtime/Cache/Main/38b85d10c94aac3594d3bd319493e007.php 第 46 行.
NOTIC: [8] Use of undefined constant url - assumed 'url' /Users/jeff/1.code/SZTZ2.0/Application/Runtime/Cache/Main/38b85d10c94aac3594d3bd319493e007.php 第 46 行.
INFO: Run Behavior\ParseTemplateBehavior [ RunTime:0.007419s ]
INFO: [ view_parse ] --END-- [ RunTime:0.007460s ]
INFO: [ view_filter ] --START--
INFO: Run Behavior\WriteHtmlCacheBehavior [ RunTime:0.000174s ]
INFO: [ view_filter ] --END-- [ RunTime:0.000206s ]
INFO: [ app_end ] --START--
INFO: Run Behavior\ShowPageTraceBehavior [ RunTime:0.000555s ]
INFO: [ app_end ] --END-- [ RunTime:0.000619s ]

[ 2016-04-23T00:34:52+08:00 ] ::1 /SZTZ2.0/Student/report
INFO: [ app_init ] --START--
INFO: Run Behavior\BuildLiteBehavior [ RunTime:0.000007s ]
INFO: [ app_init ] --END-- [ RunTime:0.000171s ]
INFO: [ app_begin ] --START--
INFO: Run Behavior\ReadHtmlCacheBehavior [ RunTime:0.000213s ]
INFO: [ app_begin ] --END-- [ RunTime:0.000238s ]
SQL: SHOW COLUMNS FROM `t_type` [ RunTime:0.0004s ]
SQL: SELECT * FROM `t_type`  [ RunTime:0.0002s ]
SQL: SHOW COLUMNS FROM `t_student` [ RunTime:0.0004s ]
SQL: SELECT `feedback_count` FROM `t_student` WHERE ( user_id = 10000 ) LIMIT 1   [ RunTime:0.0002s ]
SQL: SHOW COLUMNS FROM `t_type_grade_profession` [ RunTime:0.0004s ]
SQL: SELECT t_type_grade_profession.id AS `id`,t_type_grade_profession.type_id AS `type_id`,t_type.name AS `type`,t_type_grade_profession.max_point AS `max_point`,t_type_grade_profession.min_point AS `min_point`,t_type_grade_profession.property AS `property` FROM `t_type_grade_profession` INNER JOIN t_type on t_type.id = t_type_grade_profession.type_id  WHERE t_type_grade_profession.grade = '2012' AND t_type_grade_profession.profession = '信息管理与信息系统'  [ RunTime:0.0003s ]
SQL: SHOW COLUMNS FROM `t_record` [ RunTime:0.0004s ]
SQL: SELECT SUM(t_record.point) AS tp_sum FROM `t_record` INNER JOIN t_student_teacher on t_student_teacher.id = t_record.student_teacher_id  WHERE t_student_teacher.student_id = '10000' AND t_record.type_id = '1' AND t_record.status = '已通过' LIMIT 1   [ RunTime:0.0003s ]
SQL: SELECT SUM(t_record.point) AS tp_sum FROM `t_record` INNER JOIN t_student_teacher on t_student_teacher.id = t_record.student_teacher_id  WHERE t_student_teacher.student_id = '10000' AND t_record.type_id = '2' AND t_record.status = '已通过' LIMIT 1   [ RunTime:0.0002s ]
SQL: SELECT SUM(t_record.point) AS tp_sum FROM `t_record` INNER JOIN t_student_teacher on t_student_teacher.id = t_record.student_teacher_id  WHERE t_student_teacher.student_id = '10000' AND t_record.type_id = '3' AND t_record.status = '已通过' LIMIT 1   [ RunTime:0.0002s ]
SQL: SELECT SUM(t_record.point) AS tp_sum FROM `t_record` INNER JOIN t_student_teacher on t_student_teacher.id = t_record.student_teacher_id  WHERE t_student_teacher.student_id = '10000' AND t_record.type_id = '4' AND t_record.status = '已通过' LIMIT 1   [ RunTime:0.0002s ]
SQL: SELECT SUM(t_record.point) AS tp_sum FROM `t_record` INNER JOIN t_student_teacher on t_student_teacher.id = t_record.student_teacher_id  WHERE t_student_teacher.student_id = '10000' AND t_record.type_id = '5' AND t_record.status = '已通过' LIMIT 1   [ RunTime:0.0003s ]
SQL: SELECT SUM(t_record.point) AS tp_sum FROM `t_record` INNER JOIN t_student_teacher on t_student_teacher.id = t_record.student_teacher_id  WHERE t_student_teacher.student_id = '10000' AND t_record.type_id = '6' AND t_record.status = '已通过' LIMIT 1   [ RunTime:0.0004s ]
SQL: SELECT SUM(t_record.point) AS tp_sum FROM `t_record` INNER JOIN t_student_teacher on t_student_teacher.id = t_record.student_teacher_id  WHERE t_student_teacher.student_id = '10000' AND t_record.type_id = '7' AND t_record.status = '已通过' LIMIT 1   [ RunTime:0.0003s ]
SQL: SELECT SUM(t_record.point) AS tp_sum FROM `t_record` INNER JOIN t_student_teacher on t_student_teacher.id = t_record.student_teacher_id  WHERE t_student_teacher.student_id = '10000' AND t_record.type_id = '8' AND t_record.status = '已通过' LIMIT 1   [ RunTime:0.0002s ]
SQL: SELECT SUM(t_record.point) AS tp_sum FROM `t_record` INNER JOIN t_student_teacher on t_student_teacher.id = t_record.student_teacher_id  WHERE t_student_teacher.student_id = '10000' AND t_record.type_id = '9' AND t_record.status = '已通过' LIMIT 1   [ RunTime:0.0002s ]
SQL: SELECT SUM(t_record.point) AS tp_sum FROM `t_record` INNER JOIN t_student_teacher on t_student_teacher.id = t_record.student_teacher_id  WHERE t_student_teacher.student_id = '10000' AND t_record.type_id = '10' AND t_record.status = '已通过' LIMIT 1   [ RunTime:0.0002s ]
SQL: SELECT t_record.id AS `id`,t_record.title AS `title`,t_record.url AS `file_url`,t_record.remark AS `remark`,t_record.type_id AS `type_id`,t_record.feedback AS `feedback`,t_record.point AS `point`,t_record.status AS `status`,t_record.created_at AS `created_at`,t_record.updated_by AS `updated_by`,t_record.updated_at AS `updated_at` FROM `t_record` INNER JOIN t_student_teacher on t_student_teacher.id = t_record.student_teacher_id  WHERE t_student_teacher.student_id = '10000' ORDER BY status desc,updated_at desc  [ RunTime:0.0004s ]
SQL: SELECT * FROM `t_type` WHERE `id` = 1 LIMIT 1   [ RunTime:0.0002s ]
SQL: SELECT * FROM `t_type` WHERE `id` = 3 LIMIT 1   [ RunTime:0.0002s ]
SQL: SELECT * FROM `t_type` WHERE `id` = 6 LIMIT 1   [ RunTime:0.0002s ]
SQL: SELECT * FROM `t_type` WHERE `id` = 6 LIMIT 1   [ RunTime:0.0002s ]
SQL: SELECT * FROM `t_type` WHERE `id` = 6 LIMIT 1   [ RunTime:0.0001s ]
SQL: SELECT * FROM `t_type` WHERE `id` = 6 LIMIT 1   [ RunTime:0.0001s ]
SQL: SELECT * FROM `t_type` WHERE `id` = 3 LIMIT 1   [ RunTime:0.0001s ]
SQL: SELECT * FROM `t_type` WHERE `id` = 3 LIMIT 1   [ RunTime:0.0001s ]
SQL: SELECT * FROM `t_type` WHERE `id` = 1 LIMIT 1   [ RunTime:0.0002s ]
SQL: SELECT * FROM `t_type` WHERE `id` = 2 LIMIT 1   [ RunTime:0.0002s ]
SQL: SELECT * FROM `t_type` WHERE `id` = 1 LIMIT 1   [ RunTime:0.0002s ]
SQL: SELECT * FROM `t_type` WHERE `id` = 2 LIMIT 1   [ RunTime:0.0002s ]
SQL: SELECT * FROM `t_type` WHERE `id` = 2 LIMIT 1   [ RunTime:0.0002s ]
INFO: [ view_parse ] --START--
INFO: [ template_filter ] --START--
INFO: Run Behavior\ContentReplaceBehavior [ RunTime:0.000048s ]
INFO: [ template_filter ] --END-- [ RunTime:0.000087s ]
NOTIC: [8] Use of undefined constant url - assumed 'url' /Users/jeff/1.code/SZTZ2.0/Application/Runtime/Cache/Main/dd0b36ee7061368f2978179f6579c565.php 第 46 行.
NOTIC: [8] Use of undefined constant url - assumed 'url' /Users/jeff/1.code/SZTZ2.0/Application/Runtime/Cache/Main/dd0b36ee7061368f2978179f6579c565.php 第 46 行.
NOTIC: [8] Use of undefined constant url - assumed 'url' /Users/jeff/1.code/SZTZ2.0/Application/Runtime/Cache/Main/dd0b36ee7061368f2978179f6579c565.php 第 46 行.
NOTIC: [8] Use of undefined constant url - assumed 'url' /Users/jeff/1.code/SZTZ2.0/Application/Runtime/Cache/Main/dd0b36ee7061368f2978179f6579c565.php 第 46 行.
NOTIC: [8] Use of undefined constant url - assumed 'url' /Users/jeff/1.code/SZTZ2.0/Application/Runtime/Cache/Main/dd0b36ee7061368f2978179f6579c565.php 第 46 行.
NOTIC: [8] Use of undefined constant url - assumed 'url' /Users/jeff/1.code/SZTZ2.0/Application/Runtime/Cache/Main/dd0b36ee7061368f2978179f6579c565.php 第 46 行.
NOTIC: [8] Use of undefined constant url - assumed 'url' /Users/jeff/1.code/SZTZ2.0/Application/Runtime/Cache/Main/dd0b36ee7061368f2978179f6579c565.php 第 46 行.
NOTIC: [8] Use of undefined constant url - assumed 'url' /Users/jeff/1.code/SZTZ2.0/Application/Runtime/Cache/Main/dd0b36ee7061368f2978179f6579c565.php 第 46 行.
NOTIC: [8] Use of undefined constant url - assumed 'url' /Users/jeff/1.code/SZTZ2.0/Application/Runtime/Cache/Main/dd0b36ee7061368f2978179f6579c565.php 第 46 行.
NOTIC: [8] Use of undefined constant url - assumed 'url' /Users/jeff/1.code/SZTZ2.0/Application/Runtime/Cache/Main/dd0b36ee7061368f2978179f6579c565.php 第 46 行.
INFO: Run Behavior\ParseTemplateBehavior [ RunTime:0.008862s ]
INFO: [ view_parse ] --END-- [ RunTime:0.008931s ]
INFO: [ view_filter ] --START--
INFO: Run Behavior\WriteHtmlCacheBehavior [ RunTime:0.000181s ]
INFO: [ view_filter ] --END-- [ RunTime:0.000216s ]
INFO: [ app_end ] --START--
INFO: Run Behavior\ShowPageTraceBehavior [ RunTime:0.000446s ]
INFO: [ app_end ] --END-- [ RunTime:0.000500s ]

[ 2016-04-23T00:35:54+08:00 ] ::1 /SZTZ2.0/Student/report
INFO: [ app_init ] --START--
INFO: Run Behavior\BuildLiteBehavior [ RunTime:0.000009s ]
INFO: [ app_init ] --END-- [ RunTime:0.000190s ]
INFO: [ app_begin ] --START--
INFO: Run Behavior\ReadHtmlCacheBehavior [ RunTime:0.000278s ]
INFO: [ app_begin ] --END-- [ RunTime:0.000308s ]

[ 2016-04-23T00:35:54+08:00 ] ::1 /SZTZ2.0/Login/index
INFO: [ app_init ] --START--
INFO: Run Behavior\BuildLiteBehavior [ RunTime:0.000009s ]
INFO: [ app_init ] --END-- [ RunTime:0.000187s ]
INFO: [ app_begin ] --START--
INFO: Run Behavior\ReadHtmlCacheBehavior [ RunTime:0.000233s ]
INFO: [ app_begin ] --END-- [ RunTime:0.000260s ]
INFO: [ view_parse ] --START--
INFO: [ template_filter ] --START--
INFO: Run Behavior\ContentReplaceBehavior [ RunTime:0.000034s ]
INFO: [ template_filter ] --END-- [ RunTime:0.000079s ]
NOTIC: [8] Undefined variable: userName /Users/jeff/1.code/SZTZ2.0/Application/Runtime/Cache/Main/b2feb03302a1c6bb0b063de1c8dac460.php 第 33 行.
NOTIC: [8] Undefined variable: userNameError /Users/jeff/1.code/SZTZ2.0/Application/Runtime/Cache/Main/b2feb03302a1c6bb0b063de1c8dac460.php 第 34 行.
NOTIC: [8] Undefined variable: password /Users/jeff/1.code/SZTZ2.0/Application/Runtime/Cache/Main/b2feb03302a1c6bb0b063de1c8dac460.php 第 38 行.
NOTIC: [8] Undefined variable: passwordError /Users/jeff/1.code/SZTZ2.0/Application/Runtime/Cache/Main/b2feb03302a1c6bb0b063de1c8dac460.php 第 39 行.
NOTIC: [8] Undefined variable: codeError /Users/jeff/1.code/SZTZ2.0/Application/Runtime/Cache/Main/b2feb03302a1c6bb0b063de1c8dac460.php 第 43 行.
INFO: Run Behavior\ParseTemplateBehavior [ RunTime:0.010623s ]
INFO: [ view_parse ] --END-- [ RunTime:0.010670s ]
INFO: [ view_filter ] --START--
INFO: Run Behavior\WriteHtmlCacheBehavior [ RunTime:0.000169s ]
INFO: [ view_filter ] --END-- [ RunTime:0.000208s ]
INFO: [ app_end ] --START--
INFO: Run Behavior\ShowPageTraceBehavior [ RunTime:0.000443s ]
INFO: [ app_end ] --END-- [ RunTime:0.000485s ]

[ 2016-04-23T00:35:54+08:00 ] ::1 /SZTZ2.0/Login/getCode
INFO: [ app_init ] --START--
INFO: Run Behavior\BuildLiteBehavior [ RunTime:0.000009s ]
INFO: [ app_init ] --END-- [ RunTime:0.000185s ]
INFO: [ app_begin ] --START--
INFO: Run Behavior\ReadHtmlCacheBehavior [ RunTime:0.000304s ]
INFO: [ app_begin ] --END-- [ RunTime:0.000334s ]
INFO: [ app_end ] --START--
INFO: Run Behavior\ShowPageTraceBehavior [ RunTime:0.000461s ]
INFO: [ app_end ] --END-- [ RunTime:0.000587s ]

[ 2016-04-23T00:36:03+08:00 ] ::1 /SZTZ2.0/Login/index
INFO: [ app_init ] --START--
INFO: Run Behavior\BuildLiteBehavior [ RunTime:0.000010s ]
INFO: [ app_init ] --END-- [ RunTime:0.000210s ]
INFO: [ app_begin ] --START--
INFO: Run Behavior\ReadHtmlCacheBehavior [ RunTime:0.000228s ]
INFO: [ app_begin ] --END-- [ RunTime:0.000256s ]
SQL: SHOW COLUMNS FROM `t_user` [ RunTime:0.0004s ]
SQL: SELECT * FROM `t_user` WHERE `id` = 10000 AND `type` = 'student' LIMIT 1   [ RunTime:0.0003s ]
SQL: SHOW COLUMNS FROM `t_student_teacher` [ RunTime:0.0004s ]
SQL: SELECT t_student.user_id AS `id`,t_student.name AS `name`,t_student.clazz AS `clazz`,t_student.grade AS `grade`,t_student.profession AS `profession`,t_student.mobile AS `mobile`,t_student.required_point AS `required_point`,t_teacher.user_id AS `teacher_id`,t_teacher.name AS `teacher_name`,t_teacher.mobile AS `teacher_mobile` FROM `t_student_teacher` INNER JOIN t_student on t_student_teacher.student_id = t_student.user_id INNER JOIN t_teacher on t_student_teacher.teacher_id = t_teacher.user_id  WHERE ( t_student.user_id = 10000 ) LIMIT 1   [ RunTime:0.0004s ]
SQL: SHOW COLUMNS FROM `t_user_control` [ RunTime:0.0006s ]
SQL: INSERT INTO `t_user_control` (`user_id`,`name`,`user_ip`,`created_by`,`created_at`) VALUES ('10000','登录系统','127.0.0.1','韩永豪','2016-04-23 00:36:03') [ RunTime:0.0004s ]

[ 2016-04-23T00:36:03+08:00 ] ::1 /SZTZ2.0/Index/index
INFO: [ app_init ] --START--
INFO: Run Behavior\BuildLiteBehavior [ RunTime:0.000008s ]
INFO: [ app_init ] --END-- [ RunTime:0.000198s ]
INFO: [ app_begin ] --START--
INFO: Run Behavior\ReadHtmlCacheBehavior [ RunTime:0.000231s ]
INFO: [ app_begin ] --END-- [ RunTime:0.000258s ]

[ 2016-04-23T00:36:03+08:00 ] ::1 /SZTZ2.0/Student/index
INFO: [ app_init ] --START--
INFO: Run Behavior\BuildLiteBehavior [ RunTime:0.000008s ]
INFO: [ app_init ] --END-- [ RunTime:0.000171s ]
INFO: [ app_begin ] --START--
INFO: Run Behavior\ReadHtmlCacheBehavior [ RunTime:0.000215s ]
INFO: [ app_begin ] --END-- [ RunTime:0.000241s ]
SQL: SHOW COLUMNS FROM `t_type` [ RunTime:0.0007s ]
SQL: SELECT * FROM `t_type`  [ RunTime:0.0002s ]
SQL: SHOW COLUMNS FROM `t_student` [ RunTime:0.0004s ]
SQL: SELECT `feedback_count` FROM `t_student` WHERE ( user_id = 10000 ) LIMIT 1   [ RunTime:0.0002s ]
SQL: SHOW COLUMNS FROM `t_user_control` [ RunTime:0.0004s ]
SQL: SELECT * FROM `t_user_control` WHERE `user_id` = 10000 AND `name` = '登录系统' ORDER BY created_at desc LIMIT 1   [ RunTime:0.0003s ]
SQL: SHOW COLUMNS FROM `t_notice` [ RunTime:0.0003s ]
SQL: SELECT * FROM `t_notice` ORDER BY updated_at desc LIMIT 1   [ RunTime:0.0002s ]
SQL: SHOW COLUMNS FROM `t_type_grade_profession` [ RunTime:0.0003s ]
SQL: SELECT t_type_grade_profession.id AS `id`,t_type_grade_profession.type_id AS `type_id`,t_type.name AS `type`,t_type_grade_profession.max_point AS `max_point`,t_type_grade_profession.min_point AS `min_point`,t_type_grade_profession.property AS `property` FROM `t_type_grade_profession` INNER JOIN t_type on t_type.id = t_type_grade_profession.type_id  WHERE t_type_grade_profession.grade = '2012' AND t_type_grade_profession.profession = '信息管理与信息系统'  [ RunTime:0.0003s ]
SQL: SHOW COLUMNS FROM `t_record` [ RunTime:0.0004s ]
SQL: SELECT SUM(t_record.point) AS tp_sum FROM `t_record` INNER JOIN t_student_teacher on t_student_teacher.id = t_record.student_teacher_id  WHERE t_student_teacher.student_id = '10000' AND t_record.type_id = '1' AND t_record.status = '已通过' LIMIT 1   [ RunTime:0.0003s ]
SQL: SELECT SUM(t_record.point) AS tp_sum FROM `t_record` INNER JOIN t_student_teacher on t_student_teacher.id = t_record.student_teacher_id  WHERE t_student_teacher.student_id = '10000' AND t_record.type_id = '2' AND t_record.status = '已通过' LIMIT 1   [ RunTime:0.0002s ]
SQL: SELECT SUM(t_record.point) AS tp_sum FROM `t_record` INNER JOIN t_student_teacher on t_student_teacher.id = t_record.student_teacher_id  WHERE t_student_teacher.student_id = '10000' AND t_record.type_id = '3' AND t_record.status = '已通过' LIMIT 1   [ RunTime:0.0002s ]
SQL: SELECT SUM(t_record.point) AS tp_sum FROM `t_record` INNER JOIN t_student_teacher on t_student_teacher.id = t_record.student_teacher_id  WHERE t_student_teacher.student_id = '10000' AND t_record.type_id = '4' AND t_record.status = '已通过' LIMIT 1   [ RunTime:0.0002s ]
SQL: SELECT SUM(t_record.point) AS tp_sum FROM `t_record` INNER JOIN t_student_teacher on t_student_teacher.id = t_record.student_teacher_id  WHERE t_student_teacher.student_id = '10000' AND t_record.type_id = '5' AND t_record.status = '已通过' LIMIT 1   [ RunTime:0.0003s ]
SQL: SELECT SUM(t_record.point) AS tp_sum FROM `t_record` INNER JOIN t_student_teacher on t_student_teacher.id = t_record.student_teacher_id  WHERE t_student_teacher.student_id = '10000' AND t_record.type_id = '6' AND t_record.status = '已通过' LIMIT 1   [ RunTime:0.0002s ]
SQL: SELECT SUM(t_record.point) AS tp_sum FROM `t_record` INNER JOIN t_student_teacher on t_student_teacher.id = t_record.student_teacher_id  WHERE t_student_teacher.student_id = '10000' AND t_record.type_id = '7' AND t_record.status = '已通过' LIMIT 1   [ RunTime:0.0002s ]
SQL: SELECT SUM(t_record.point) AS tp_sum FROM `t_record` INNER JOIN t_student_teacher on t_student_teacher.id = t_record.student_teacher_id  WHERE t_student_teacher.student_id = '10000' AND t_record.type_id = '8' AND t_record.status = '已通过' LIMIT 1   [ RunTime:0.0002s ]
SQL: SELECT SUM(t_record.point) AS tp_sum FROM `t_record` INNER JOIN t_student_teacher on t_student_teacher.id = t_record.student_teacher_id  WHERE t_student_teacher.student_id = '10000' AND t_record.type_id = '9' AND t_record.status = '已通过' LIMIT 1   [ RunTime:0.0002s ]
SQL: SELECT SUM(t_record.point) AS tp_sum FROM `t_record` INNER JOIN t_student_teacher on t_student_teacher.id = t_record.student_teacher_id  WHERE t_student_teacher.student_id = '10000' AND t_record.type_id = '10' AND t_record.status = '已通过' LIMIT 1   [ RunTime:0.0002s ]
INFO: [ view_parse ] --START--
INFO: [ template_filter ] --START--
INFO: Run Behavior\ContentReplaceBehavior [ RunTime:0.000098s ]
INFO: [ template_filter ] --END-- [ RunTime:0.000179s ]
NOTIC: [8] Use of undefined constant url - assumed 'url' /Users/jeff/1.code/SZTZ2.0/Application/Runtime/Cache/Main/a03934d89ceb6bc97011ff5470ce62ec.php 第 45 行.
NOTIC: [8] Use of undefined constant url - assumed 'url' /Users/jeff/1.code/SZTZ2.0/Application/Runtime/Cache/Main/a03934d89ceb6bc97011ff5470ce62ec.php 第 45 行.
NOTIC: [8] Use of undefined constant url - assumed 'url' /Users/jeff/1.code/SZTZ2.0/Application/Runtime/Cache/Main/a03934d89ceb6bc97011ff5470ce62ec.php 第 45 行.
NOTIC: [8] Use of undefined constant url - assumed 'url' /Users/jeff/1.code/SZTZ2.0/Application/Runtime/Cache/Main/a03934d89ceb6bc97011ff5470ce62ec.php 第 45 行.
NOTIC: [8] Use of undefined constant url - assumed 'url' /Users/jeff/1.code/SZTZ2.0/Application/Runtime/Cache/Main/a03934d89ceb6bc97011ff5470ce62ec.php 第 45 行.
NOTIC: [8] Use of undefined constant url - assumed 'url' /Users/jeff/1.code/SZTZ2.0/Application/Runtime/Cache/Main/a03934d89ceb6bc97011ff5470ce62ec.php 第 45 行.
NOTIC: [8] Use of undefined constant url - assumed 'url' /Users/jeff/1.code/SZTZ2.0/Application/Runtime/Cache/Main/a03934d89ceb6bc97011ff5470ce62ec.php 第 45 行.
NOTIC: [8] Use of undefined constant url - assumed 'url' /Users/jeff/1.code/SZTZ2.0/Application/Runtime/Cache/Main/a03934d89ceb6bc97011ff5470ce62ec.php 第 45 行.
NOTIC: [8] Use of undefined constant url - assumed 'url' /Users/jeff/1.code/SZTZ2.0/Application/Runtime/Cache/Main/a03934d89ceb6bc97011ff5470ce62ec.php 第 45 行.
NOTIC: [8] Use of undefined constant url - assumed 'url' /Users/jeff/1.code/SZTZ2.0/Application/Runtime/Cache/Main/a03934d89ceb6bc97011ff5470ce62ec.php 第 45 行.
INFO: Run Behavior\ParseTemplateBehavior [ RunTime:0.009876s ]
INFO: [ view_parse ] --END-- [ RunTime:0.009919s ]
INFO: [ view_filter ] --START--
INFO: Run Behavior\WriteHtmlCacheBehavior [ RunTime:0.000144s ]
INFO: [ view_filter ] --END-- [ RunTime:0.000176s ]
INFO: [ app_end ] --START--
INFO: Run Behavior\ShowPageTraceBehavior [ RunTime:0.000434s ]
INFO: [ app_end ] --END-- [ RunTime:0.000476s ]

[ 2016-04-23T00:36:42+08:00 ] ::1 /SZTZ2.0/Student/index
INFO: [ app_init ] --START--
INFO: Run Behavior\BuildLiteBehavior [ RunTime:0.000014s ]
INFO: [ app_init ] --END-- [ RunTime:0.000344s ]
INFO: [ app_begin ] --START--
INFO: Run Behavior\ReadHtmlCacheBehavior [ RunTime:0.000414s ]
INFO: [ app_begin ] --END-- [ RunTime:0.000463s ]
SQL: SHOW COLUMNS FROM `t_type` [ RunTime:0.0004s ]
SQL: SELECT * FROM `t_type`  [ RunTime:0.0002s ]
SQL: SHOW COLUMNS FROM `t_student` [ RunTime:0.0004s ]
SQL: SELECT `feedback_count` FROM `t_student` WHERE ( user_id = 10000 ) LIMIT 1   [ RunTime:0.0002s ]
SQL: SHOW COLUMNS FROM `t_user_control` [ RunTime:0.0006s ]
SQL: SELECT * FROM `t_user_control` WHERE `user_id` = 10000 AND `name` = '登录系统' ORDER BY created_at desc LIMIT 1   [ RunTime:0.0005s ]
SQL: SHOW COLUMNS FROM `t_notice` [ RunTime:0.0005s ]
SQL: SELECT * FROM `t_notice` ORDER BY updated_at desc LIMIT 1   [ RunTime:0.0003s ]
SQL: SHOW COLUMNS FROM `t_type_grade_profession` [ RunTime:0.0004s ]
SQL: SELECT t_type_grade_profession.id AS `id`,t_type_grade_profession.type_id AS `type_id`,t_type.name AS `type`,t_type_grade_profession.max_point AS `max_point`,t_type_grade_profession.min_point AS `min_point`,t_type_grade_profession.property AS `property` FROM `t_type_grade_profession` INNER JOIN t_type on t_type.id = t_type_grade_profession.type_id  WHERE t_type_grade_profession.grade = '2012' AND t_type_grade_profession.profession = '信息管理与信息系统'  [ RunTime:0.0004s ]
SQL: SHOW COLUMNS FROM `t_record` [ RunTime:0.0006s ]
SQL: SELECT SUM(t_record.point) AS tp_sum FROM `t_record` INNER JOIN t_student_teacher on t_student_teacher.id = t_record.student_teacher_id  WHERE t_student_teacher.student_id = '10000' AND t_record.type_id = '1' AND t_record.status = '已通过' LIMIT 1   [ RunTime:0.0005s ]
SQL: SELECT SUM(t_record.point) AS tp_sum FROM `t_record` INNER JOIN t_student_teacher on t_student_teacher.id = t_record.student_teacher_id  WHERE t_student_teacher.student_id = '10000' AND t_record.type_id = '2' AND t_record.status = '已通过' LIMIT 1   [ RunTime:0.0003s ]
SQL: SELECT SUM(t_record.point) AS tp_sum FROM `t_record` INNER JOIN t_student_teacher on t_student_teacher.id = t_record.student_teacher_id  WHERE t_student_teacher.student_id = '10000' AND t_record.type_id = '3' AND t_record.status = '已通过' LIMIT 1   [ RunTime:0.0003s ]
SQL: SELECT SUM(t_record.point) AS tp_sum FROM `t_record` INNER JOIN t_student_teacher on t_student_teacher.id = t_record.student_teacher_id  WHERE t_student_teacher.student_id = '10000' AND t_record.type_id = '4' AND t_record.status = '已通过' LIMIT 1   [ RunTime:0.0003s ]
SQL: SELECT SUM(t_record.point) AS tp_sum FROM `t_record` INNER JOIN t_student_teacher on t_student_teacher.id = t_record.student_teacher_id  WHERE t_student_teacher.student_id = '10000' AND t_record.type_id = '5' AND t_record.status = '已通过' LIMIT 1   [ RunTime:0.0002s ]
SQL: SELECT SUM(t_record.point) AS tp_sum FROM `t_record` INNER JOIN t_student_teacher on t_student_teacher.id = t_record.student_teacher_id  WHERE t_student_teacher.student_id = '10000' AND t_record.type_id = '6' AND t_record.status = '已通过' LIMIT 1   [ RunTime:0.0002s ]
SQL: SELECT SUM(t_record.point) AS tp_sum FROM `t_record` INNER JOIN t_student_teacher on t_student_teacher.id = t_record.student_teacher_id  WHERE t_student_teacher.student_id = '10000' AND t_record.type_id = '7' AND t_record.status = '已通过' LIMIT 1   [ RunTime:0.0002s ]
SQL: SELECT SUM(t_record.point) AS tp_sum FROM `t_record` INNER JOIN t_student_teacher on t_student_teacher.id = t_record.student_teacher_id  WHERE t_student_teacher.student_id = '10000' AND t_record.type_id = '8' AND t_record.status = '已通过' LIMIT 1   [ RunTime:0.0002s ]
SQL: SELECT SUM(t_record.point) AS tp_sum FROM `t_record` INNER JOIN t_student_teacher on t_student_teacher.id = t_record.student_teacher_id  WHERE t_student_teacher.student_id = '10000' AND t_record.type_id = '9' AND t_record.status = '已通过' LIMIT 1   [ RunTime:0.0002s ]
SQL: SELECT SUM(t_record.point) AS tp_sum FROM `t_record` INNER JOIN t_student_teacher on t_student_teacher.id = t_record.student_teacher_id  WHERE t_student_teacher.student_id = '10000' AND t_record.type_id = '10' AND t_record.status = '已通过' LIMIT 1   [ RunTime:0.0002s ]
INFO: [ view_parse ] --START--
INFO: [ template_filter ] --START--
INFO: Run Behavior\ContentReplaceBehavior [ RunTime:0.000042s ]
INFO: [ template_filter ] --END-- [ RunTime:0.000080s ]
NOTIC: [8] Use of undefined constant url - assumed 'url' /Users/jeff/1.code/SZTZ2.0/Application/Runtime/Cache/Main/a03934d89ceb6bc97011ff5470ce62ec.php 第 45 行.
NOTIC: [8] Use of undefined constant url - assumed 'url' /Users/jeff/1.code/SZTZ2.0/Application/Runtime/Cache/Main/a03934d89ceb6bc97011ff5470ce62ec.php 第 45 行.
NOTIC: [8] Use of undefined constant url - assumed 'url' /Users/jeff/1.code/SZTZ2.0/Application/Runtime/Cache/Main/a03934d89ceb6bc97011ff5470ce62ec.php 第 45 行.
NOTIC: [8] Use of undefined constant url - assumed 'url' /Users/jeff/1.code/SZTZ2.0/Application/Runtime/Cache/Main/a03934d89ceb6bc97011ff5470ce62ec.php 第 45 行.
NOTIC: [8] Use of undefined constant url - assumed 'url' /Users/jeff/1.code/SZTZ2.0/Application/Runtime/Cache/Main/a03934d89ceb6bc97011ff5470ce62ec.php 第 45 行.
NOTIC: [8] Use of undefined constant url - assumed 'url' /Users/jeff/1.code/SZTZ2.0/Application/Runtime/Cache/Main/a03934d89ceb6bc97011ff5470ce62ec.php 第 45 行.
NOTIC: [8] Use of undefined constant url - assumed 'url' /Users/jeff/1.code/SZTZ2.0/Application/Runtime/Cache/Main/a03934d89ceb6bc97011ff5470ce62ec.php 第 45 行.
NOTIC: [8] Use of undefined constant url - assumed 'url' /Users/jeff/1.code/SZTZ2.0/Application/Runtime/Cache/Main/a03934d89ceb6bc97011ff5470ce62ec.php 第 45 行.
NOTIC: [8] Use of undefined constant url - assumed 'url' /Users/jeff/1.code/SZTZ2.0/Application/Runtime/Cache/Main/a03934d89ceb6bc97011ff5470ce62ec.php 第 45 行.
NOTIC: [8] Use of undefined constant url - assumed 'url' /Users/jeff/1.code/SZTZ2.0/Application/Runtime/Cache/Main/a03934d89ceb6bc97011ff5470ce62ec.php 第 45 行.
INFO: Run Behavior\ParseTemplateBehavior [ RunTime:0.007652s ]
INFO: [ view_parse ] --END-- [ RunTime:0.007688s ]
INFO: [ view_filter ] --START--
INFO: Run Behavior\WriteHtmlCacheBehavior [ RunTime:0.000111s ]
INFO: [ view_filter ] --END-- [ RunTime:0.000134s ]
INFO: [ app_end ] --START--
INFO: Run Behavior\ShowPageTraceBehavior [ RunTime:0.000330s ]
INFO: [ app_end ] --END-- [ RunTime:0.000363s ]

